Log file open, 12/11/20 16:35:01
LogInit: Display: Running engine for game: TempusFugit
LogPlatformFile: Not using cached read wrapper
LogTaskGraph: Started task graph with 5 named threads and 23 total threads with 3 sets of task threads.
LogStats: Stats thread started at 0.166868
LogD3D11RHI: Loaded GFSDK_Aftermath_Lib.x64.dll
LogICUInternationalization: ICU TimeZone Detection - Raw Offset: +1:00, Platform Override: ''
LogPluginManager: Mounting plugin Paper2D
LogPluginManager: Mounting plugin AISupport
LogPluginManager: Mounting plugin LightPropagationVolume
LogPluginManager: Mounting plugin CameraShakePreviewer
LogPluginManager: Mounting plugin ActorLayerUtilities
LogPluginManager: Mounting plugin AnimationSharing
LogPluginManager: Mounting plugin CLionSourceCodeAccess
LogPluginManager: Mounting plugin CodeLiteSourceCodeAccess
LogPluginManager: Mounting plugin GitSourceControl
LogPluginManager: Mounting plugin KDevelopSourceCodeAccess
LogPluginManager: Mounting plugin NullSourceCodeAccess
LogPluginManager: Mounting plugin PerforceSourceControl
LogPluginManager: Mounting plugin PlasticSourceControl
LogPluginManager: Mounting plugin RiderSourceCodeAccess
LogPluginManager: Mounting plugin SubversionSourceControl
LogPluginManager: Mounting plugin UObjectPlugin
LogPluginManager: Mounting plugin VisualStudioCodeSourceCodeAccess
LogPluginManager: Mounting plugin VisualStudioSourceCodeAccess
LogPluginManager: Mounting plugin XCodeSourceCodeAccess
LogPluginManager: Mounting plugin AssetManagerEditor
LogPluginManager: Mounting plugin CryptoKeys
LogPluginManager: Mounting plugin CurveEditorTools
LogPluginManager: Mounting plugin DataValidation
LogPluginManager: Mounting plugin EditorScriptingUtilities
LogPluginManager: Mounting plugin FacialAnimation
LogPluginManager: Mounting plugin GameplayTagsEditor
LogPluginManager: Mounting plugin GeometryMode
LogPluginManager: Mounting plugin MacGraphicsSwitching
LogPluginManager: Mounting plugin MaterialAnalyzer
LogPluginManager: Mounting plugin MobileLauncherProfileWizard
LogPluginManager: Mounting plugin PluginBrowser
LogPluginManager: Mounting plugin SpeedTreeImporter
LogPluginManager: Mounting plugin DatasmithContent
LogPluginManager: Mounting plugin VariantManagerContent
LogPluginManager: Mounting plugin AlembicImporter
LogPluginManager: Mounting plugin AutomationUtils
LogPluginManager: Mounting plugin BackChannel
LogPluginManager: Mounting plugin ChaosCloth
LogPluginManager: Mounting plugin ChaosClothEditor
LogPluginManager: Mounting plugin ChaosEditor
LogPluginManager: Mounting plugin ChaosNiagara
LogPluginManager: Mounting plugin ChaosSolverPlugin
LogPluginManager: Mounting plugin CharacterAI
LogPluginManager: Mounting plugin GeometryCache
LogPluginManager: Mounting plugin GeometryCollectionPlugin
LogPluginManager: Mounting plugin GeometryProcessing
LogPluginManager: Mounting plugin PlanarCut
LogPluginManager: Mounting plugin PlatformCrypto
LogPluginManager: Mounting plugin ProxyLODPlugin
LogPluginManager: Mounting plugin SkeletalReduction
LogPluginManager: Mounting plugin Niagara
LogPluginManager: Mounting plugin MagicLeap
LogPluginManager: Mounting plugin MagicLeapLightEstimation
LogPluginManager: Mounting plugin MagicLeapMedia
LogPluginManager: Mounting plugin MagicLeapPassableWorld
LogPluginManager: Mounting plugin MLSDK
LogPluginManager: Mounting plugin AndroidMedia
LogPluginManager: Mounting plugin AvfMedia
LogPluginManager: Mounting plugin ImgMedia
LogPluginManager: Mounting plugin MediaCompositing
LogPluginManager: Mounting plugin MediaPlayerEditor
LogPluginManager: Mounting plugin WebMMedia
LogPluginManager: Mounting plugin WmfMedia
LogPluginManager: Mounting plugin MeshPainting
LogPluginManager: Mounting plugin TcpMessaging
LogPluginManager: Mounting plugin UdpMessaging
LogPluginManager: Mounting plugin ActorSequence
LogPluginManager: Mounting plugin LevelSequenceEditor
LogPluginManager: Mounting plugin MatineeToLevelSequence
LogPluginManager: Mounting plugin MovieRenderPipeline
LogPluginManager: Mounting plugin TemplateSequence
LogPluginManager: Mounting plugin NetcodeUnitTest
LogPluginManager: Mounting plugin NUTUnrealEngine4
LogPluginManager: Mounting plugin OnlineSubsystemGooglePlay
LogPluginManager: Mounting plugin OnlineSubsystemIOS
LogPluginManager: Mounting plugin OnlineSubsystem
LogPluginManager: Mounting plugin OnlineSubsystemNull
LogPluginManager: Mounting plugin OnlineSubsystemUtils
LogPluginManager: Mounting plugin LauncherChunkInstaller
LogPluginManager: Mounting plugin AndroidDeviceProfileSelector
LogPluginManager: Mounting plugin AndroidMoviePlayer
LogPluginManager: Mounting plugin AndroidPermission
LogPluginManager: Mounting plugin AppleImageUtils
LogPluginManager: Mounting plugin AppleMoviePlayer
LogPluginManager: Mounting plugin ArchVisCharacter
LogPluginManager: Mounting plugin AssetTags
LogPluginManager: Mounting plugin AudioCapture
LogPluginManager: Mounting plugin CableComponent
LogPluginManager: Mounting plugin CustomMeshComponent
LogPluginManager: Mounting plugin EditableMesh
LogPluginManager: Mounting plugin ExampleDeviceProfileSelector
LogPluginManager: Mounting plugin GoogleCloudMessaging
LogPluginManager: Mounting plugin GooglePAD
LogPluginManager: Mounting plugin HoudiniEngine
LogPluginManager: Mounting plugin IOSDeviceProfileSelector
LogPluginManager: Mounting plugin LinuxDeviceProfileSelector
LogPluginManager: Mounting plugin LocationServicesBPLibrary
LogPluginManager: Mounting plugin MobilePatchingUtils
LogPluginManager: Mounting plugin OculusVR
LogPluginManager: Mounting plugin PhysXVehicles
LogPluginManager: Mounting plugin PostSplashScreen
LogPluginManager: Mounting plugin ProceduralMeshComponent
LogPluginManager: Mounting plugin RuntimePhysXCooking
LogPluginManager: Mounting plugin SignificanceManager
LogPluginManager: Mounting plugin SoundFields
LogPluginManager: Mounting plugin SteamVR
LogPluginManager: Mounting plugin Synthesis
LogPluginManager: Mounting plugin WebMMoviePlayer
LogPluginManager: Mounting plugin WindowsMoviePlayer
LogPluginManager: Mounting plugin ScreenshotTools
LogInit: Using libcurl 7.55.1-DEV
LogInit:  - built for x86_64-pc-win32
LogInit:  - supports SSL with OpenSSL/1.1.1
LogInit:  - supports HTTP deflate (compression) using libz 1.2.8
LogInit:  - other features:
LogInit:      CURL_VERSION_SSL
LogInit:      CURL_VERSION_LIBZ
LogInit:      CURL_VERSION_IPV6
LogInit:      CURL_VERSION_ASYNCHDNS
LogInit:      CURL_VERSION_LARGEFILE
LogInit:      CURL_VERSION_IDN
LogInit:  CurlRequestOptions (configurable via config and command line):
LogInit:  - bVerifyPeer = true  - Libcurl will verify peer certificate
LogInit:  - bUseHttpProxy = false  - Libcurl will NOT use HTTP proxy
LogInit:  - bDontReuseConnections = false  - Libcurl will reuse connections
LogInit:  - MaxHostConnections = 16  - Libcurl will limit the number of connections to a host
LogInit:  - LocalHostAddr = Default
LogInit:  - BufferSize = 65536
LogOnline: OSS: Creating online subsystem instance for: NULL
LogInit: WinSock: version 1.1 (2.2), MaxSocks=32767, MaxUdp=65467
LogOnline: OSS: TryLoadSubsystemAndSetDefault: Loaded subsystem for module [NULL]
LogInit: Build: ++UE4+Release-4.25-CL-14469661
LogInit: Engine Version: 4.25.4-14469661+++UE4+Release-4.25
LogInit: Compatible Engine Version: 4.25.0-13144385+++UE4+Release-4.25
LogInit: Net CL: 13144385
LogInit: OS: Windows 10 (Release 2009) (), CPU: Intel(R) Core(TM) i7-7700K CPU @ 4.20GHz, GPU: NVIDIA GeForce GTX 1080 Ti
LogInit: Compiled (64-bit): Oct 11 2020 08:10:49
LogInit: Compiled with Visual C++: 19.24.28315.00
LogInit: Build Configuration: Development
LogInit: Branch Name: ++UE4+Release-4.25
LogInit: Command Line: 
LogInit: Base Directory: C:/Program Files/Epic Games/UE_4.25/Engine/Binaries/Win64/
LogInit: Allocator: TBB
LogInit: Installed Engine Build: 1
LogDevObjectVersion: Number of dev versions registered: 26
LogDevObjectVersion:   Dev-Blueprints (B0D832E4-1F89-4F0D-ACCF-7EB736FD4AA2): 10
LogDevObjectVersion:   Dev-Build (E1C64328-A22C-4D53-A36C-8E866417BD8C): 0
LogDevObjectVersion:   Dev-Core (375EC13C-06E4-48FB-B500-84F0262A717E): 4
LogDevObjectVersion:   Dev-Editor (E4B068ED-F494-42E9-A231-DA0B2E46BB41): 38
LogDevObjectVersion:   Dev-Framework (CFFC743F-43B0-4480-9391-14DF171D2073): 37
LogDevObjectVersion:   Dev-Mobile (B02B49B5-BB20-44E9-A304-32B752E40360): 2
LogDevObjectVersion:   Dev-Networking (A4E4105C-59A1-49B5-A7C5-40C4547EDFEE): 0
LogDevObjectVersion:   Dev-Online (39C831C9-5AE6-47DC-9A44-9C173E1C8E7C): 0
LogDevObjectVersion:   Dev-Physics (78F01B33-EBEA-4F98-B9B4-84EACCB95AA2): 4
LogDevObjectVersion:   Dev-Platform (6631380F-2D4D-43E0-8009-CF276956A95A): 0
LogDevObjectVersion:   Dev-Rendering (12F88B9F-8875-4AFC-A67C-D90C383ABD29): 43
LogDevObjectVersion:   Dev-Sequencer (7B5AE74C-D270-4C10-A958-57980B212A5A): 12
LogDevObjectVersion:   Dev-VR (D7296918-1DD6-4BDD-9DE2-64A83CC13884): 3
LogDevObjectVersion:   Dev-LoadTimes (C2A15278-BFE7-4AFE-6C17-90FF531DF755): 1
LogDevObjectVersion:   Private-Geometry (6EACA3D4-40EC-4CC1-B786-8BED09428FC5): 3
LogDevObjectVersion:   Dev-AnimPhys (29E575DD-E0A3-4627-9D10-D276232CDCEA): 17
LogDevObjectVersion:   Dev-Anim (AF43A65D-7FD3-4947-9873-3E8ED9C1BB05): 7
LogDevObjectVersion:   Dev-ReflectionCapture (6B266CEC-1EC7-4B8F-A30B-E4D90942FC07): 1
LogDevObjectVersion:   Dev-Automation (0DF73D61-A23F-47EA-B727-89E90C41499A): 1
LogDevObjectVersion:   FortniteMain (601D1886-AC64-4F84-AA16-D3DE0DEAC7D6): 31
LogDevObjectVersion:   Dev-Enterprise (9DFFBCD6-494F-0158-E221-12823C92A888): 10
LogDevObjectVersion:   Dev-Niagara (F2AED0AC-9AFE-416F-8664-AA7FFA26D6FC): 1
LogDevObjectVersion:   Dev-Destruction (174F1F0B-B4C6-45A5-B13F-2EE8D0FB917D): 10
LogDevObjectVersion:   Dev-Physics-Ext (35F94A83-E258-406C-A318-09F59610247C): 37
LogDevObjectVersion:   Dev-PhysicsMaterial-Chaos (B68FC16E-8B1B-42E2-B453-215C058844FE): 1
LogDevObjectVersion:   Dev-CineCamera (B2E18506-4273-CFC2-A54E-F4BB758BBA07): 1
LogInit: Presizing for max 25165824 objects, including 0 objects not considered by GC, pre-allocating 0 bytes for permanent pool.
LogConfig: Applying CVar settings from Section [/Script/Engine.StreamingSettings] File [C:/Users/Dani/Documents/Unreal Projects/MegaJam/MegaJam2020/TempusFugit/Saved/Config/Windows/Engine.ini]
LogConfig: Setting CVar [[s.MinBulkDataSizeForAsyncLoading:131072]]
LogConfig: Setting CVar [[s.AsyncLoadingThreadEnabled:0]]
LogConfig: Setting CVar [[s.EventDrivenLoaderEnabled:1]]
LogConfig: Setting CVar [[s.WarnIfTimeLimitExceeded:0]]
LogConfig: Setting CVar [[s.TimeLimitExceededMultiplier:1.5]]
LogConfig: Setting CVar [[s.TimeLimitExceededMinTime:0.005]]
LogConfig: Setting CVar [[s.UseBackgroundLevelStreaming:1]]
LogConfig: Setting CVar [[s.PriorityAsyncLoadingExtraTime:15.0]]
LogConfig: Setting CVar [[s.LevelStreamingActorsUpdateTimeLimit:5.0]]
LogConfig: Setting CVar [[s.PriorityLevelStreamingActorsUpdateExtraTime:5.0]]
LogConfig: Setting CVar [[s.LevelStreamingComponentsRegistrationGranularity:10]]
LogConfig: Setting CVar [[s.UnregisterComponentsTimeLimit:1.0]]
LogConfig: Setting CVar [[s.LevelStreamingComponentsUnregistrationGranularity:5]]
LogConfig: Setting CVar [[s.FlushStreamingOnExit:1]]
LogInit: Object subsystem initialized
LogConfig: Setting CVar [[con.DebugEarlyDefault:1]]
LogConfig: Setting CVar [[r.setres:1280x720]]
[2020.12.11-15.35.01:379][  0]LogConfig: Setting CVar [[r.VSync:0]]
[2020.12.11-15.35.01:379][  0]LogConfig: Setting CVar [[r.RHICmdBypass:0]]
[2020.12.11-15.35.01:379][  0]LogConfig: Applying CVar settings from Section [/Script/Engine.RendererSettings] File [C:/Users/Dani/Documents/Unreal Projects/MegaJam/MegaJam2020/TempusFugit/Saved/Config/Windows/Engine.ini]
[2020.12.11-15.35.01:379][  0]LogConfig: Setting CVar [[r.GPUCrashDebugging:0]]
[2020.12.11-15.35.01:379][  0]LogConfig: Applying CVar settings from Section [/Script/Engine.RendererOverrideSettings] File [C:/Users/Dani/Documents/Unreal Projects/MegaJam/MegaJam2020/TempusFugit/Saved/Config/Windows/Engine.ini]
[2020.12.11-15.35.01:379][  0]LogConfig: Applying CVar settings from Section [/Script/Engine.StreamingSettings] File [C:/Users/Dani/Documents/Unreal Projects/MegaJam/MegaJam2020/TempusFugit/Saved/Config/Windows/Engine.ini]
[2020.12.11-15.35.01:379][  0]LogConfig: Setting CVar [[s.MinBulkDataSizeForAsyncLoading:131072]]
[2020.12.11-15.35.01:379][  0]LogConfig: Setting CVar [[s.AsyncLoadingThreadEnabled:0]]
[2020.12.11-15.35.01:379][  0]LogConfig: Setting CVar [[s.EventDrivenLoaderEnabled:1]]
[2020.12.11-15.35.01:379][  0]LogConfig: Setting CVar [[s.WarnIfTimeLimitExceeded:0]]
[2020.12.11-15.35.01:379][  0]LogConfig: Setting CVar [[s.TimeLimitExceededMultiplier:1.5]]
[2020.12.11-15.35.01:379][  0]LogConfig: Setting CVar [[s.TimeLimitExceededMinTime:0.005]]
[2020.12.11-15.35.01:379][  0]LogConfig: Setting CVar [[s.UseBackgroundLevelStreaming:1]]
[2020.12.11-15.35.01:379][  0]LogConfig: Setting CVar [[s.PriorityAsyncLoadingExtraTime:15.0]]
[2020.12.11-15.35.01:379][  0]LogConfig: Setting CVar [[s.LevelStreamingActorsUpdateTimeLimit:5.0]]
[2020.12.11-15.35.01:379][  0]LogConfig: Setting CVar [[s.PriorityLevelStreamingActorsUpdateExtraTime:5.0]]
[2020.12.11-15.35.01:379][  0]LogConfig: Setting CVar [[s.LevelStreamingComponentsRegistrationGranularity:10]]
[2020.12.11-15.35.01:379][  0]LogConfig: Setting CVar [[s.UnregisterComponentsTimeLimit:1.0]]
[2020.12.11-15.35.01:379][  0]LogConfig: Setting CVar [[s.LevelStreamingComponentsUnregistrationGranularity:5]]
[2020.12.11-15.35.01:379][  0]LogConfig: Setting CVar [[s.FlushStreamingOnExit:1]]
[2020.12.11-15.35.01:379][  0]LogConfig: Applying CVar settings from Section [/Script/Engine.GarbageCollectionSettings] File [C:/Users/Dani/Documents/Unreal Projects/MegaJam/MegaJam2020/TempusFugit/Saved/Config/Windows/Engine.ini]
[2020.12.11-15.35.01:379][  0]LogConfig: Setting CVar [[gc.MaxObjectsNotConsideredByGC:1]]
[2020.12.11-15.35.01:379][  0]LogConfig: Setting CVar [[gc.SizeOfPermanentObjectPool:0]]
[2020.12.11-15.35.01:379][  0]LogConfig: Setting CVar [[gc.FlushStreamingOnGC:0]]
[2020.12.11-15.35.01:379][  0]LogConfig: Setting CVar [[gc.NumRetriesBeforeForcingGC:10]]
[2020.12.11-15.35.01:379][  0]LogConfig: Setting CVar [[gc.AllowParallelGC:1]]
[2020.12.11-15.35.01:379][  0]LogConfig: Setting CVar [[gc.TimeBetweenPurgingPendingKillObjects:61.1]]
[2020.12.11-15.35.01:379][  0]LogConfig: Setting CVar [[gc.MaxObjectsInEditor:25165824]]
[2020.12.11-15.35.01:379][  0]LogConfig: Setting CVar [[gc.IncrementalBeginDestroyEnabled:1]]
[2020.12.11-15.35.01:379][  0]LogConfig: Setting CVar [[gc.CreateGCClusters:1]]
[2020.12.11-15.35.01:379][  0]LogConfig: Setting CVar [[gc.MinGCClusterSize:5]]
[2020.12.11-15.35.01:379][  0]LogConfig: Setting CVar [[gc.ActorClusteringEnabled:0]]
[2020.12.11-15.35.01:379][  0]LogConfig: Setting CVar [[gc.BlueprintClusteringEnabled:0]]
[2020.12.11-15.35.01:379][  0]LogConfig: Setting CVar [[gc.UseDisregardForGCOnDedicatedServers:0]]
[2020.12.11-15.35.01:379][  0]LogConfig: Applying CVar settings from Section [/Script/Engine.NetworkSettings] File [C:/Users/Dani/Documents/Unreal Projects/MegaJam/MegaJam2020/TempusFugit/Saved/Config/Windows/Engine.ini]
[2020.12.11-15.35.01:379][  0]LogConfig: Applying CVar settings from Section [/Script/UnrealEd.CookerSettings] File [C:/Users/Dani/Documents/Unreal Projects/MegaJam/MegaJam2020/TempusFugit/Saved/Config/Windows/Engine.ini]
[2020.12.11-15.35.01:387][  0]LogConfig: Applying CVar settings from Section [ViewDistanceQuality@3] File [C:/Users/Dani/Documents/Unreal Projects/MegaJam/MegaJam2020/TempusFugit/Saved/Config/Windows/Scalability.ini]
[2020.12.11-15.35.01:387][  0]LogConfig: Setting CVar [[r.SkeletalMeshLODBias:0]]
[2020.12.11-15.35.01:387][  0]LogConfig: Setting CVar [[r.ViewDistanceScale:1.0]]
[2020.12.11-15.35.01:387][  0]LogConfig: Applying CVar settings from Section [AntiAliasingQuality@3] File [C:/Users/Dani/Documents/Unreal Projects/MegaJam/MegaJam2020/TempusFugit/Saved/Config/Windows/Scalability.ini]
[2020.12.11-15.35.01:387][  0]LogConfig: Setting CVar [[r.PostProcessAAQuality:4]]
[2020.12.11-15.35.01:387][  0]LogConfig: Applying CVar settings from Section [ShadowQuality@3] File [C:/Users/Dani/Documents/Unreal Projects/MegaJam/MegaJam2020/TempusFugit/Saved/Config/Windows/Scalability.ini]
[2020.12.11-15.35.01:387][  0]LogConfig: Setting CVar [[r.LightFunctionQuality:1]]
[2020.12.11-15.35.01:387][  0]LogConfig: Setting CVar [[r.ShadowQuality:5]]
[2020.12.11-15.35.01:387][  0]LogConfig: Setting CVar [[r.Shadow.CSM.MaxCascades:10]]
[2020.12.11-15.35.01:387][  0]LogConfig: Setting CVar [[r.Shadow.MaxResolution:2048]]
[2020.12.11-15.35.01:387][  0]LogConfig: Setting CVar [[r.Shadow.MaxCSMResolution:2048]]
[2020.12.11-15.35.01:387][  0]LogConfig: Setting CVar [[r.Shadow.RadiusThreshold:0.01]]
[2020.12.11-15.35.01:387][  0]LogConfig: Setting CVar [[r.Shadow.DistanceScale:1.0]]
[2020.12.11-15.35.01:387][  0]LogConfig: Setting CVar [[r.Shadow.CSM.TransitionScale:1.0]]
[2020.12.11-15.35.01:387][  0]LogConfig: Setting CVar [[r.Shadow.PreShadowResolutionFactor:1.0]]
[2020.12.11-15.35.01:387][  0]LogConfig: Setting CVar [[r.DistanceFieldShadowing:1]]
[2020.12.11-15.35.01:387][  0]LogConfig: Setting CVar [[r.DistanceFieldAO:1]]
[2020.12.11-15.35.01:387][  0]LogConfig: Setting CVar [[r.AOQuality:2]]
[2020.12.11-15.35.01:387][  0]LogConfig: Setting CVar [[r.VolumetricFog:1]]
[2020.12.11-15.35.01:387][  0]LogConfig: Setting CVar [[r.VolumetricFog.GridPixelSize:8]]
[2020.12.11-15.35.01:387][  0]LogConfig: Setting CVar [[r.VolumetricFog.GridSizeZ:128]]
[2020.12.11-15.35.01:387][  0]LogConfig: Setting CVar [[r.VolumetricFog.HistoryMissSupersampleCount:4]]
[2020.12.11-15.35.01:387][  0]LogConfig: Setting CVar [[r.LightMaxDrawDistanceScale:1]]
[2020.12.11-15.35.01:387][  0]LogConfig: Setting CVar [[r.CapsuleShadows:1]]
[2020.12.11-15.35.01:387][  0]LogConfig: Applying CVar settings from Section [PostProcessQuality@3] File [C:/Users/Dani/Documents/Unreal Projects/MegaJam/MegaJam2020/TempusFugit/Saved/Config/Windows/Scalability.ini]
[2020.12.11-15.35.01:387][  0]LogConfig: Setting CVar [[r.MotionBlurQuality:4]]
[2020.12.11-15.35.01:387][  0]LogConfig: Setting CVar [[r.AmbientOcclusionMipLevelFactor:0.4]]
[2020.12.11-15.35.01:387][  0]LogConfig: Setting CVar [[r.AmbientOcclusionMaxQuality:100]]
[2020.12.11-15.35.01:387][  0]LogConfig: Setting CVar [[r.AmbientOcclusionLevels:-1]]
[2020.12.11-15.35.01:387][  0]LogConfig: Setting CVar [[r.AmbientOcclusionRadiusScale:1.0]]
[2020.12.11-15.35.01:387][  0]LogConfig: Setting CVar [[r.DepthOfFieldQuality:2]]
[2020.12.11-15.35.01:387][  0]LogConfig: Setting CVar [[r.RenderTargetPoolMin:400]]
[2020.12.11-15.35.01:387][  0]LogConfig: Setting CVar [[r.LensFlareQuality:2]]
[2020.12.11-15.35.01:387][  0]LogConfig: Setting CVar [[r.SceneColorFringeQuality:1]]
[2020.12.11-15.35.01:387][  0]LogConfig: Setting CVar [[r.EyeAdaptationQuality:2]]
[2020.12.11-15.35.01:387][  0]LogConfig: Setting CVar [[r.BloomQuality:5]]
[2020.12.11-15.35.01:387][  0]LogConfig: Setting CVar [[r.FastBlurThreshold:100]]
[2020.12.11-15.35.01:387][  0]LogConfig: Setting CVar [[r.Upscale.Quality:3]]
[2020.12.11-15.35.01:387][  0]LogConfig: Setting CVar [[r.Tonemapper.GrainQuantization:1]]
[2020.12.11-15.35.01:387][  0]LogConfig: Setting CVar [[r.LightShaftQuality:1]]
[2020.12.11-15.35.01:388][  0]LogConfig: Setting CVar [[r.Filter.SizeScale:1]]
[2020.12.11-15.35.01:388][  0]LogConfig: Setting CVar [[r.Tonemapper.Quality:5]]
[2020.12.11-15.35.01:388][  0]LogConfig: Setting CVar [[r.DOF.Gather.AccumulatorQuality:1        ; higher gathering accumulator quality]]
[2020.12.11-15.35.01:388][  0]LogConfig: Setting CVar [[r.DOF.Gather.PostfilterMethod:1          ; Median3x3 postfilering method]]
[2020.12.11-15.35.01:388][  0]LogConfig: Setting CVar [[r.DOF.Gather.EnableBokehSettings:0       ; no bokeh simulation when gathering]]
[2020.12.11-15.35.01:388][  0]LogConfig: Setting CVar [[r.DOF.Gather.RingCount:4                 ; medium number of samples when gathering]]
[2020.12.11-15.35.01:388][  0]LogConfig: Setting CVar [[r.DOF.Scatter.ForegroundCompositing:1    ; additive foreground scattering]]
[2020.12.11-15.35.01:388][  0]LogConfig: Setting CVar [[r.DOF.Scatter.BackgroundCompositing:2    ; additive background scattering]]
[2020.12.11-15.35.01:388][  0]LogConfig: Setting CVar [[r.DOF.Scatter.EnableBokehSettings:1      ; bokeh simulation when scattering]]
[2020.12.11-15.35.01:388][  0]LogConfig: Setting CVar [[r.DOF.Scatter.MaxSpriteRatio:0.1         ; only a maximum of 10% of scattered bokeh]]
[2020.12.11-15.35.01:388][  0]LogConfig: Setting CVar [[r.DOF.Recombine.Quality:1                ; cheap slight out of focus]]
[2020.12.11-15.35.01:388][  0]LogConfig: Setting CVar [[r.DOF.Recombine.EnableBokehSettings:0    ; no bokeh simulation on slight out of focus]]
[2020.12.11-15.35.01:388][  0]LogConfig: Setting CVar [[r.DOF.TemporalAAQuality:1                ; more stable temporal accumulation]]
[2020.12.11-15.35.01:388][  0]LogConfig: Setting CVar [[r.DOF.Kernel.MaxForegroundRadius:0.025]]
[2020.12.11-15.35.01:388][  0]LogConfig: Setting CVar [[r.DOF.Kernel.MaxBackgroundRadius:0.025]]
[2020.12.11-15.35.01:388][  0]LogConfig: Applying CVar settings from Section [TextureQuality@3] File [C:/Users/Dani/Documents/Unreal Projects/MegaJam/MegaJam2020/TempusFugit/Saved/Config/Windows/Scalability.ini]
[2020.12.11-15.35.01:388][  0]LogConfig: Setting CVar [[r.Streaming.MipBias:0]]
[2020.12.11-15.35.01:388][  0]LogConfig: Setting CVar [[r.Streaming.AmortizeCPUToGPUCopy:0]]
[2020.12.11-15.35.01:388][  0]LogConfig: Setting CVar [[r.Streaming.MaxNumTexturesToStreamPerFrame:0]]
[2020.12.11-15.35.01:388][  0]LogConfig: Setting CVar [[r.Streaming.Boost:1]]
[2020.12.11-15.35.01:388][  0]LogConfig: Setting CVar [[r.MaxAnisotropy:8]]
[2020.12.11-15.35.01:388][  0]LogConfig: Setting CVar [[r.VT.MaxAnisotropy:8]]
[2020.12.11-15.35.01:388][  0]LogConfig: Setting CVar [[r.Streaming.LimitPoolSizeToVRAM:0]]
[2020.12.11-15.35.01:388][  0]LogConfig: Setting CVar [[r.Streaming.PoolSize:1000]]
[2020.12.11-15.35.01:388][  0]LogConfig: Setting CVar [[r.Streaming.MaxEffectiveScreenSize:0]]
[2020.12.11-15.35.01:388][  0]LogConfig: Applying CVar settings from Section [EffectsQuality@3] File [C:/Users/Dani/Documents/Unreal Projects/MegaJam/MegaJam2020/TempusFugit/Saved/Config/Windows/Scalability.ini]
[2020.12.11-15.35.01:388][  0]LogConfig: Setting CVar [[r.TranslucencyLightingVolumeDim:64]]
[2020.12.11-15.35.01:388][  0]LogConfig: Setting CVar [[r.RefractionQuality:2]]
[2020.12.11-15.35.01:388][  0]LogConfig: Setting CVar [[r.SSR.Quality:3]]
[2020.12.11-15.35.01:388][  0]LogConfig: Setting CVar [[r.SSR.HalfResSceneColor:0]]
[2020.12.11-15.35.01:388][  0]LogConfig: Setting CVar [[r.SceneColorFormat:4]]
[2020.12.11-15.35.01:388][  0]LogConfig: Setting CVar [[r.DetailMode:2]]
[2020.12.11-15.35.01:388][  0]LogConfig: Setting CVar [[r.TranslucencyVolumeBlur:1]]
[2020.12.11-15.35.01:388][  0]LogConfig: Setting CVar [[r.MaterialQualityLevel:1 ; High quality]]
[2020.12.11-15.35.01:388][  0]LogConfig: Setting CVar [[r.SSS.Scale:1]]
[2020.12.11-15.35.01:388][  0]LogConfig: Setting CVar [[r.SSS.SampleSet:2]]
[2020.12.11-15.35.01:388][  0]LogConfig: Setting CVar [[r.SSS.Quality:1]]
[2020.12.11-15.35.01:388][  0]LogConfig: Setting CVar [[r.SSS.HalfRes:0]]
[2020.12.11-15.35.01:388][  0]LogConfig: Setting CVar [[r.SSGI.Quality:3]]
[2020.12.11-15.35.01:388][  0]LogConfig: Setting CVar [[r.EmitterSpawnRateScale:1.0]]
[2020.12.11-15.35.01:388][  0]LogConfig: Setting CVar [[r.ParticleLightQuality:2]]
[2020.12.11-15.35.01:388][  0]LogConfig: Setting CVar [[r.SkyAtmosphere.AerialPerspectiveLUT.FastApplyOnOpaque:1 ; Always have FastSkyLUT 1 in this case to avoid wrong sky]]
[2020.12.11-15.35.01:388][  0]LogConfig: Setting CVar [[r.SkyAtmosphere.AerialPerspectiveLUT.SampleCountPerSlice:1]]
[2020.12.11-15.35.01:388][  0]LogConfig: Setting CVar [[r.SkyAtmosphere.AerialPerspectiveLUT.DepthResolution:16.0]]
[2020.12.11-15.35.01:388][  0]LogConfig: Setting CVar [[r.SkyAtmosphere.FastSkyLUT:1]]
[2020.12.11-15.35.01:388][  0]LogConfig: Setting CVar [[r.SkyAtmosphere.FastSkyLUT.SampleCountMin:4.0]]
[2020.12.11-15.35.01:388][  0]LogConfig: Setting CVar [[r.SkyAtmosphere.FastSkyLUT.SampleCountMax:32.0]]
[2020.12.11-15.35.01:388][  0]LogConfig: Setting CVar [[r.SkyAtmosphere.SampleCountMin:4.0]]
[2020.12.11-15.35.01:388][  0]LogConfig: Setting CVar [[r.SkyAtmosphere.SampleCountMax:32.0]]
[2020.12.11-15.35.01:388][  0]LogConfig: Setting CVar [[r.SkyAtmosphere.TransmittanceLUT.UseSmallFormat:0]]
[2020.12.11-15.35.01:388][  0]LogConfig: Setting CVar [[r.SkyAtmosphere.TransmittanceLUT.SampleCount:10.0]]
[2020.12.11-15.35.01:388][  0]LogConfig: Setting CVar [[r.SkyAtmosphere.MultiScatteringLUT.SampleCount:15.0]]
[2020.12.11-15.35.01:388][  0]LogConfig: Applying CVar settings from Section [FoliageQuality@3] File [C:/Users/Dani/Documents/Unreal Projects/MegaJam/MegaJam2020/TempusFugit/Saved/Config/Windows/Scalability.ini]
[2020.12.11-15.35.01:388][  0]LogConfig: Setting CVar [[foliage.DensityScale:1.0]]
[2020.12.11-15.35.01:388][  0]LogConfig: Setting CVar [[grass.DensityScale:1.0]]
[2020.12.11-15.35.01:388][  0]LogConfig: Applying CVar settings from Section [ShadingQuality@3] File [C:/Users/Dani/Documents/Unreal Projects/MegaJam/MegaJam2020/TempusFugit/Saved/Config/Windows/Scalability.ini]
[2020.12.11-15.35.01:388][  0]LogConfig: Setting CVar [[r.HairStrands.SkyLighting.SampleCount:16]]
[2020.12.11-15.35.01:388][  0]LogConfig: Setting CVar [[r.HairStrands.SkyLighting.JitterIntegration:0]]
[2020.12.11-15.35.01:388][  0]LogConfig: Setting CVar [[r.HairStrands.SkyAO.SampleCount:16]]
[2020.12.11-15.35.01:388][  0]LogConfig: Setting CVar [[r.HairStrands.DeepShadow.SuperSampling:0]]
[2020.12.11-15.35.01:388][  0]LogConfig: Setting CVar [[r.HairStrands.VisibilityPPLL:0]]
[2020.12.11-15.35.01:388][  0]LogConfig: Setting CVar [[r.HairStrands.RasterizationScale:0.5]]
[2020.12.11-15.35.01:388][  0]LogConfig: Setting CVar [[r.HairStrands.VelocityRasterizationScale:1]]
[2020.12.11-15.35.01:388][  0]LogInit: Selected Device Profile: [Windows]
[2020.12.11-15.35.01:388][  0]LogInit: Applying CVar settings loaded from the selected device profile: [Windows]
[2020.12.11-15.35.01:388][  0]LogHAL: Display: Platform has ~ 32 GB [34286821376 / 34359738368 / 32], which maps to Largest [LargestMinGB=32, LargerMinGB=12, DefaultMinGB=8, SmallerMinGB=6, SmallestMinGB=0)
[2020.12.11-15.35.01:388][  0]LogInit: Going up to parent DeviceProfile []
[2020.12.11-15.35.01:388][  0]LogConfig: Applying CVar settings from Section [ViewDistanceQuality@3] File [C:/Users/Dani/Documents/Unreal Projects/MegaJam/MegaJam2020/TempusFugit/Saved/Config/Windows/Scalability.ini]
[2020.12.11-15.35.01:388][  0]LogConfig: Setting CVar [[r.SkeletalMeshLODBias:0]]
[2020.12.11-15.35.01:388][  0]LogConfig: Setting CVar [[r.ViewDistanceScale:1.0]]
[2020.12.11-15.35.01:388][  0]LogConfig: Applying CVar settings from Section [AntiAliasingQuality@3] File [C:/Users/Dani/Documents/Unreal Projects/MegaJam/MegaJam2020/TempusFugit/Saved/Config/Windows/Scalability.ini]
[2020.12.11-15.35.01:388][  0]LogConfig: Setting CVar [[r.PostProcessAAQuality:4]]
[2020.12.11-15.35.01:388][  0]LogConfig: Applying CVar settings from Section [ShadowQuality@3] File [C:/Users/Dani/Documents/Unreal Projects/MegaJam/MegaJam2020/TempusFugit/Saved/Config/Windows/Scalability.ini]
[2020.12.11-15.35.01:388][  0]LogConfig: Setting CVar [[r.LightFunctionQuality:1]]
[2020.12.11-15.35.01:388][  0]LogConfig: Setting CVar [[r.ShadowQuality:5]]
[2020.12.11-15.35.01:388][  0]LogConfig: Setting CVar [[r.Shadow.CSM.MaxCascades:10]]
[2020.12.11-15.35.01:388][  0]LogConfig: Setting CVar [[r.Shadow.MaxResolution:2048]]
[2020.12.11-15.35.01:388][  0]LogConfig: Setting CVar [[r.Shadow.MaxCSMResolution:2048]]
[2020.12.11-15.35.01:388][  0]LogConfig: Setting CVar [[r.Shadow.RadiusThreshold:0.01]]
[2020.12.11-15.35.01:388][  0]LogConfig: Setting CVar [[r.Shadow.DistanceScale:1.0]]
[2020.12.11-15.35.01:388][  0]LogConfig: Setting CVar [[r.Shadow.CSM.TransitionScale:1.0]]
[2020.12.11-15.35.01:388][  0]LogConfig: Setting CVar [[r.Shadow.PreShadowResolutionFactor:1.0]]
[2020.12.11-15.35.01:388][  0]LogConfig: Setting CVar [[r.DistanceFieldShadowing:1]]
[2020.12.11-15.35.01:388][  0]LogConfig: Setting CVar [[r.DistanceFieldAO:1]]
[2020.12.11-15.35.01:388][  0]LogConfig: Setting CVar [[r.AOQuality:2]]
[2020.12.11-15.35.01:388][  0]LogConfig: Setting CVar [[r.VolumetricFog:1]]
[2020.12.11-15.35.01:388][  0]LogConfig: Setting CVar [[r.VolumetricFog.GridPixelSize:8]]
[2020.12.11-15.35.01:388][  0]LogConfig: Setting CVar [[r.VolumetricFog.GridSizeZ:128]]
[2020.12.11-15.35.01:388][  0]LogConfig: Setting CVar [[r.VolumetricFog.HistoryMissSupersampleCount:4]]
[2020.12.11-15.35.01:388][  0]LogConfig: Setting CVar [[r.LightMaxDrawDistanceScale:1]]
[2020.12.11-15.35.01:388][  0]LogConfig: Setting CVar [[r.CapsuleShadows:1]]
[2020.12.11-15.35.01:388][  0]LogConfig: Applying CVar settings from Section [PostProcessQuality@3] File [C:/Users/Dani/Documents/Unreal Projects/MegaJam/MegaJam2020/TempusFugit/Saved/Config/Windows/Scalability.ini]
[2020.12.11-15.35.01:388][  0]LogConfig: Setting CVar [[r.MotionBlurQuality:4]]
[2020.12.11-15.35.01:388][  0]LogConfig: Setting CVar [[r.AmbientOcclusionMipLevelFactor:0.4]]
[2020.12.11-15.35.01:389][  0]LogConfig: Setting CVar [[r.AmbientOcclusionMaxQuality:100]]
[2020.12.11-15.35.01:389][  0]LogConfig: Setting CVar [[r.AmbientOcclusionLevels:-1]]
[2020.12.11-15.35.01:389][  0]LogConfig: Setting CVar [[r.AmbientOcclusionRadiusScale:1.0]]
[2020.12.11-15.35.01:389][  0]LogConfig: Setting CVar [[r.DepthOfFieldQuality:2]]
[2020.12.11-15.35.01:389][  0]LogConfig: Setting CVar [[r.RenderTargetPoolMin:400]]
[2020.12.11-15.35.01:389][  0]LogConfig: Setting CVar [[r.LensFlareQuality:2]]
[2020.12.11-15.35.01:389][  0]LogConfig: Setting CVar [[r.SceneColorFringeQuality:1]]
[2020.12.11-15.35.01:389][  0]LogConfig: Setting CVar [[r.EyeAdaptationQuality:2]]
[2020.12.11-15.35.01:389][  0]LogConfig: Setting CVar [[r.BloomQuality:5]]
[2020.12.11-15.35.01:389][  0]LogConfig: Setting CVar [[r.FastBlurThreshold:100]]
[2020.12.11-15.35.01:389][  0]LogConfig: Setting CVar [[r.Upscale.Quality:3]]
[2020.12.11-15.35.01:389][  0]LogConfig: Setting CVar [[r.Tonemapper.GrainQuantization:1]]
[2020.12.11-15.35.01:389][  0]LogConfig: Setting CVar [[r.LightShaftQuality:1]]
[2020.12.11-15.35.01:389][  0]LogConfig: Setting CVar [[r.Filter.SizeScale:1]]
[2020.12.11-15.35.01:389][  0]LogConfig: Setting CVar [[r.Tonemapper.Quality:5]]
[2020.12.11-15.35.01:389][  0]LogConfig: Setting CVar [[r.DOF.Gather.AccumulatorQuality:1        ; higher gathering accumulator quality]]
[2020.12.11-15.35.01:389][  0]LogConfig: Setting CVar [[r.DOF.Gather.PostfilterMethod:1          ; Median3x3 postfilering method]]
[2020.12.11-15.35.01:389][  0]LogConfig: Setting CVar [[r.DOF.Gather.EnableBokehSettings:0       ; no bokeh simulation when gathering]]
[2020.12.11-15.35.01:389][  0]LogConfig: Setting CVar [[r.DOF.Gather.RingCount:4                 ; medium number of samples when gathering]]
[2020.12.11-15.35.01:389][  0]LogConfig: Setting CVar [[r.DOF.Scatter.ForegroundCompositing:1    ; additive foreground scattering]]
[2020.12.11-15.35.01:389][  0]LogConfig: Setting CVar [[r.DOF.Scatter.BackgroundCompositing:2    ; additive background scattering]]
[2020.12.11-15.35.01:389][  0]LogConfig: Setting CVar [[r.DOF.Scatter.EnableBokehSettings:1      ; bokeh simulation when scattering]]
[2020.12.11-15.35.01:389][  0]LogConfig: Setting CVar [[r.DOF.Scatter.MaxSpriteRatio:0.1         ; only a maximum of 10% of scattered bokeh]]
[2020.12.11-15.35.01:389][  0]LogConfig: Setting CVar [[r.DOF.Recombine.Quality:1                ; cheap slight out of focus]]
[2020.12.11-15.35.01:389][  0]LogConfig: Setting CVar [[r.DOF.Recombine.EnableBokehSettings:0    ; no bokeh simulation on slight out of focus]]
[2020.12.11-15.35.01:389][  0]LogConfig: Setting CVar [[r.DOF.TemporalAAQuality:1                ; more stable temporal accumulation]]
[2020.12.11-15.35.01:389][  0]LogConfig: Setting CVar [[r.DOF.Kernel.MaxForegroundRadius:0.025]]
[2020.12.11-15.35.01:389][  0]LogConfig: Setting CVar [[r.DOF.Kernel.MaxBackgroundRadius:0.025]]
[2020.12.11-15.35.01:389][  0]LogConfig: Applying CVar settings from Section [TextureQuality@3] File [C:/Users/Dani/Documents/Unreal Projects/MegaJam/MegaJam2020/TempusFugit/Saved/Config/Windows/Scalability.ini]
[2020.12.11-15.35.01:389][  0]LogConfig: Setting CVar [[r.Streaming.MipBias:0]]
[2020.12.11-15.35.01:389][  0]LogConfig: Setting CVar [[r.Streaming.AmortizeCPUToGPUCopy:0]]
[2020.12.11-15.35.01:389][  0]LogConfig: Setting CVar [[r.Streaming.MaxNumTexturesToStreamPerFrame:0]]
[2020.12.11-15.35.01:389][  0]LogConfig: Setting CVar [[r.Streaming.Boost:1]]
[2020.12.11-15.35.01:389][  0]LogConfig: Setting CVar [[r.MaxAnisotropy:8]]
[2020.12.11-15.35.01:389][  0]LogConfig: Setting CVar [[r.VT.MaxAnisotropy:8]]
[2020.12.11-15.35.01:389][  0]LogConfig: Setting CVar [[r.Streaming.LimitPoolSizeToVRAM:0]]
[2020.12.11-15.35.01:389][  0]LogConfig: Setting CVar [[r.Streaming.PoolSize:1000]]
[2020.12.11-15.35.01:389][  0]LogConfig: Setting CVar [[r.Streaming.MaxEffectiveScreenSize:0]]
[2020.12.11-15.35.01:389][  0]LogConfig: Applying CVar settings from Section [EffectsQuality@3] File [C:/Users/Dani/Documents/Unreal Projects/MegaJam/MegaJam2020/TempusFugit/Saved/Config/Windows/Scalability.ini]
[2020.12.11-15.35.01:389][  0]LogConfig: Setting CVar [[r.TranslucencyLightingVolumeDim:64]]
[2020.12.11-15.35.01:389][  0]LogConfig: Setting CVar [[r.RefractionQuality:2]]
[2020.12.11-15.35.01:389][  0]LogConfig: Setting CVar [[r.SSR.Quality:3]]
[2020.12.11-15.35.01:389][  0]LogConfig: Setting CVar [[r.SSR.HalfResSceneColor:0]]
[2020.12.11-15.35.01:389][  0]LogConfig: Setting CVar [[r.SceneColorFormat:4]]
[2020.12.11-15.35.01:389][  0]LogConfig: Setting CVar [[r.DetailMode:2]]
[2020.12.11-15.35.01:389][  0]LogConfig: Setting CVar [[r.TranslucencyVolumeBlur:1]]
[2020.12.11-15.35.01:389][  0]LogConfig: Setting CVar [[r.MaterialQualityLevel:1 ; High quality]]
[2020.12.11-15.35.01:389][  0]LogConfig: Setting CVar [[r.SSS.Scale:1]]
[2020.12.11-15.35.01:389][  0]LogConfig: Setting CVar [[r.SSS.SampleSet:2]]
[2020.12.11-15.35.01:389][  0]LogConfig: Setting CVar [[r.SSS.Quality:1]]
[2020.12.11-15.35.01:389][  0]LogConfig: Setting CVar [[r.SSS.HalfRes:0]]
[2020.12.11-15.35.01:389][  0]LogConfig: Setting CVar [[r.SSGI.Quality:3]]
[2020.12.11-15.35.01:389][  0]LogConfig: Setting CVar [[r.EmitterSpawnRateScale:1.0]]
[2020.12.11-15.35.01:389][  0]LogConfig: Setting CVar [[r.ParticleLightQuality:2]]
[2020.12.11-15.35.01:389][  0]LogConfig: Setting CVar [[r.SkyAtmosphere.AerialPerspectiveLUT.FastApplyOnOpaque:1 ; Always have FastSkyLUT 1 in this case to avoid wrong sky]]
[2020.12.11-15.35.01:389][  0]LogConfig: Setting CVar [[r.SkyAtmosphere.AerialPerspectiveLUT.SampleCountPerSlice:1]]
[2020.12.11-15.35.01:389][  0]LogConfig: Setting CVar [[r.SkyAtmosphere.AerialPerspectiveLUT.DepthResolution:16.0]]
[2020.12.11-15.35.01:389][  0]LogConfig: Setting CVar [[r.SkyAtmosphere.FastSkyLUT:1]]
[2020.12.11-15.35.01:389][  0]LogConfig: Setting CVar [[r.SkyAtmosphere.FastSkyLUT.SampleCountMin:4.0]]
[2020.12.11-15.35.01:389][  0]LogConfig: Setting CVar [[r.SkyAtmosphere.FastSkyLUT.SampleCountMax:32.0]]
[2020.12.11-15.35.01:389][  0]LogConfig: Setting CVar [[r.SkyAtmosphere.SampleCountMin:4.0]]
[2020.12.11-15.35.01:389][  0]LogConfig: Setting CVar [[r.SkyAtmosphere.SampleCountMax:32.0]]
[2020.12.11-15.35.01:389][  0]LogConfig: Setting CVar [[r.SkyAtmosphere.TransmittanceLUT.UseSmallFormat:0]]
[2020.12.11-15.35.01:389][  0]LogConfig: Setting CVar [[r.SkyAtmosphere.TransmittanceLUT.SampleCount:10.0]]
[2020.12.11-15.35.01:389][  0]LogConfig: Setting CVar [[r.SkyAtmosphere.MultiScatteringLUT.SampleCount:15.0]]
[2020.12.11-15.35.01:389][  0]LogConfig: Applying CVar settings from Section [FoliageQuality@3] File [C:/Users/Dani/Documents/Unreal Projects/MegaJam/MegaJam2020/TempusFugit/Saved/Config/Windows/Scalability.ini]
[2020.12.11-15.35.01:389][  0]LogConfig: Setting CVar [[foliage.DensityScale:1.0]]
[2020.12.11-15.35.01:389][  0]LogConfig: Setting CVar [[grass.DensityScale:1.0]]
[2020.12.11-15.35.01:389][  0]LogConfig: Applying CVar settings from Section [ShadingQuality@3] File [C:/Users/Dani/Documents/Unreal Projects/MegaJam/MegaJam2020/TempusFugit/Saved/Config/Windows/Scalability.ini]
[2020.12.11-15.35.01:389][  0]LogConfig: Setting CVar [[r.HairStrands.SkyLighting.SampleCount:16]]
[2020.12.11-15.35.01:389][  0]LogConfig: Setting CVar [[r.HairStrands.SkyLighting.JitterIntegration:0]]
[2020.12.11-15.35.01:389][  0]LogConfig: Setting CVar [[r.HairStrands.SkyAO.SampleCount:16]]
[2020.12.11-15.35.01:389][  0]LogConfig: Setting CVar [[r.HairStrands.DeepShadow.SuperSampling:0]]
[2020.12.11-15.35.01:389][  0]LogConfig: Setting CVar [[r.HairStrands.VisibilityPPLL:0]]
[2020.12.11-15.35.01:389][  0]LogConfig: Setting CVar [[r.HairStrands.RasterizationScale:0.5]]
[2020.12.11-15.35.01:389][  0]LogConfig: Setting CVar [[r.HairStrands.VelocityRasterizationScale:1]]
[2020.12.11-15.35.01:389][  0]LogConfig: Applying CVar settings from Section [Startup] File [../../../Engine/Config/ConsoleVariables.ini]
[2020.12.11-15.35.01:389][  0]LogConfig: Setting CVar [[net.UseAdaptiveNetUpdateFrequency:0]]
[2020.12.11-15.35.01:389][  0]LogConfig: Setting CVar [[p.chaos.AllowCreatePhysxBodies:1]]
[2020.12.11-15.35.01:389][  0]LogConfig: Setting CVar [[fx.SkipVectorVMBackendOptimizations:1]]
[2020.12.11-15.35.01:389][  0]LogConfig: Applying CVar settings from Section [ConsoleVariables] File [C:/Users/Dani/Documents/Unreal Projects/MegaJam/MegaJam2020/TempusFugit/Saved/Config/Windows/Engine.ini]
[2020.12.11-15.35.01:389][  0]LogInit: Computer: DESKTOP-P0FK9DJ
[2020.12.11-15.35.01:390][  0]LogInit: User: Dani
[2020.12.11-15.35.01:390][  0]LogInit: CPU Page size=4096, Cores=4
[2020.12.11-15.35.01:390][  0]LogInit: High frequency timer resolution =10.000000 MHz
[2020.12.11-15.35.01:390][  0]LogMemory: Memory total: Physical=31.9GB (32GB approx)
[2020.12.11-15.35.01:390][  0]LogMemory: Platform Memory Stats for Windows
[2020.12.11-15.35.01:390][  0]LogMemory: Process Physical Memory: 118.02 MB used, 118.03 MB peak
[2020.12.11-15.35.01:390][  0]LogMemory: Process Virtual Memory: 104.35 MB used, 104.35 MB peak
[2020.12.11-15.35.01:390][  0]LogMemory: Physical Memory: 6981.72 MB used,  25716.74 MB free, 32698.46 MB total
[2020.12.11-15.35.01:390][  0]LogMemory: Virtual Memory: 5153.71 MB used,  134212576.00 MB free, 134217728.00 MB total
[2020.12.11-15.35.01:394][  0]LogWindows: WindowsPlatformFeatures enabled
[2020.12.11-15.35.01:435][  0]LogInit: Physics initialised using underlying interface: PhysX
[2020.12.11-15.35.01:437][  0]LogInit: Using OS detected language (de-DE).
[2020.12.11-15.35.01:437][  0]LogInit: Using OS detected locale (de-CH).
[2020.12.11-15.35.01:440][  0]LogTextLocalizationManager: No specific localization for 'de-DE' exists, so the 'de' localization will be used.
[2020.12.11-15.35.01:440][  0]LogTextLocalizationResource: LocRes '../../../Engine/Content/Localization/Editor/de/Editor.locres' could not be opened for reading!
[2020.12.11-15.35.01:440][  0]LogTextLocalizationResource: LocRes '../../../Engine/Content/Localization/EditorTutorials/de/EditorTutorials.locres' could not be opened for reading!
[2020.12.11-15.35.01:440][  0]LogTextLocalizationResource: LocRes '../../../Engine/Content/Localization/Keywords/de/Keywords.locres' could not be opened for reading!
[2020.12.11-15.35.01:440][  0]LogTextLocalizationResource: LocRes '../../../Engine/Content/Localization/Category/de/Category.locres' could not be opened for reading!
[2020.12.11-15.35.01:440][  0]LogTextLocalizationResource: LocRes '../../../Engine/Content/Localization/ToolTips/de/ToolTips.locres' could not be opened for reading!
[2020.12.11-15.35.01:440][  0]LogTextLocalizationResource: LocRes '../../../Engine/Content/Localization/PropertyNames/de/PropertyNames.locres' could not be opened for reading!
[2020.12.11-15.35.01:441][  0]LogTextLocalizationResource: LocRes '../../../Engine/Content/Localization/Engine/de/Engine.locres' could not be opened for reading!
[2020.12.11-15.35.01:477][  0]LogSlate: New Slate User Created.  User Index 0, Is Virtual User: 0
[2020.12.11-15.35.01:477][  0]LogSlate: Slate User Registered.  User Index 0, Is Virtual User: 0
[2020.12.11-15.35.01:590][  0]LogHMD: Failed to initialize OpenVR with code 110
[2020.12.11-15.35.01:590][  0]LogD3D11RHI: D3D11 min allowed feature level: 11_0
[2020.12.11-15.35.01:590][  0]LogD3D11RHI: D3D11 max allowed feature level: 11_0
[2020.12.11-15.35.01:590][  0]LogD3D11RHI: D3D11 adapters:
[2020.12.11-15.35.01:662][  0]LogD3D11RHI:    0. 'NVIDIA GeForce GTX 1080 Ti' (Feature Level 11_0)
[2020.12.11-15.35.01:662][  0]LogD3D11RHI:       11127/0/16349 MB DedicatedVideo/DedicatedSystem/SharedSystem, Outputs:2, VendorId:0x10de
[2020.12.11-15.35.01:663][  0]LogD3D11RHI:    1. 'Microsoft Basic Render Driver' (Feature Level 11_0)
[2020.12.11-15.35.01:663][  0]LogD3D11RHI:       0/0/16349 MB DedicatedVideo/DedicatedSystem/SharedSystem, Outputs:0, VendorId:0x1414
[2020.12.11-15.35.01:663][  0]LogD3D11RHI: Chosen D3D11 Adapter: 0
[2020.12.11-15.35.01:668][  0]LogD3D11RHI: Creating new Direct3DDevice
[2020.12.11-15.35.01:668][  0]LogD3D11RHI:     GPU DeviceId: 0x1b06 (for the marketing name, search the web for "GPU Device Id")
[2020.12.11-15.35.01:669][  0]LogWindows: EnumDisplayDevices:
[2020.12.11-15.35.01:669][  0]LogWindows:    0. 'NVIDIA GeForce GTX 1080 Ti' (P:0 D:1)
[2020.12.11-15.35.01:669][  0]LogWindows:    1. 'NVIDIA GeForce GTX 1080 Ti' (P:0 D:0)
[2020.12.11-15.35.01:669][  0]LogWindows:    2. 'NVIDIA GeForce GTX 1080 Ti' (P:1 D:1)
[2020.12.11-15.35.01:669][  0]LogWindows:    3. 'NVIDIA GeForce GTX 1080 Ti' (P:0 D:0)
[2020.12.11-15.35.01:670][  0]LogWindows: DebugString: FoundDriverCount:4 
[2020.12.11-15.35.01:670][  0]LogD3D11RHI:     Adapter Name: NVIDIA GeForce GTX 1080 Ti
[2020.12.11-15.35.01:670][  0]LogD3D11RHI:   Driver Version: 457.30 (internal:27.21.14.5730, unified:457.30)
[2020.12.11-15.35.01:670][  0]LogD3D11RHI:      Driver Date: 11-6-2020
[2020.12.11-15.35.01:670][  0]LogRHI: Texture pool is 7788 MB (70% of 11127 MB)
[2020.12.11-15.35.01:713][  0]LogD3D11RHI: RHI has support for 64 bit atomics
[2020.12.11-15.35.01:713][  0]LogD3D11RHI: Async texture creation enabled
[2020.12.11-15.35.01:713][  0]LogD3D11RHI: Array index from any shader is supported
[2020.12.11-15.35.01:730][  0]LogD3D11RHI: GPU Timing Frequency: 1000.000000 (Debug: 2 1)
[2020.12.11-15.35.01:963][  0]LogTargetPlatformManager: Display: Loaded TargetPlatform 'AllDesktop'
[2020.12.11-15.35.01:980][  0]LogTargetPlatformManager: Display: Loaded TargetPlatform 'Android'
[2020.12.11-15.35.01:980][  0]LogTargetPlatformManager: Display: Loaded TargetPlatform 'Android_ASTC'
[2020.12.11-15.35.01:980][  0]LogTargetPlatformManager: Display: Loaded TargetPlatform 'Android_DXT'
[2020.12.11-15.35.01:980][  0]LogTargetPlatformManager: Display: Loaded TargetPlatform 'Android_ETC2'
[2020.12.11-15.35.01:980][  0]LogTargetPlatformManager: Display: Loaded TargetPlatform 'AndroidClient'
[2020.12.11-15.35.01:980][  0]LogTargetPlatformManager: Display: Loaded TargetPlatform 'Android_ASTCClient'
[2020.12.11-15.35.01:980][  0]LogTargetPlatformManager: Display: Loaded TargetPlatform 'Android_DXTClient'
[2020.12.11-15.35.01:980][  0]LogTargetPlatformManager: Display: Loaded TargetPlatform 'Android_ETC2Client'
[2020.12.11-15.35.01:980][  0]LogTargetPlatformManager: Display: Loaded TargetPlatform 'Android_Multi'
[2020.12.11-15.35.01:980][  0]LogTargetPlatformManager: Display: Loaded TargetPlatform 'Android_MultiClient'
[2020.12.11-15.35.01:998][  0]LogTargetPlatformManager: Display: Loaded TargetPlatform 'IOSClient'
[2020.12.11-15.35.01:998][  0]LogTargetPlatformManager: Display: Loaded TargetPlatform 'IOS'
[2020.12.11-15.35.02:005][  0]LogTargetPlatformManager: Display: Loaded TargetPlatform 'Linux'
[2020.12.11-15.35.02:012][  0]LogTargetPlatformManager: Display: Loaded TargetPlatform 'LinuxNoEditor'
[2020.12.11-15.35.02:019][  0]LogTargetPlatformManager: Display: Loaded TargetPlatform 'LinuxClient'
[2020.12.11-15.35.02:026][  0]LogTargetPlatformManager: Display: Loaded TargetPlatform 'LinuxServer'
[2020.12.11-15.35.02:033][  0]LogTargetPlatformManager: Display: Loaded TargetPlatform 'LinuxAArch64NoEditor'
[2020.12.11-15.35.02:040][  0]LogTargetPlatformManager: Display: Loaded TargetPlatform 'LinuxAArch64Client'
[2020.12.11-15.35.02:047][  0]LogTargetPlatformManager: Display: Loaded TargetPlatform 'LinuxAArch64Server'
[2020.12.11-15.35.02:067][  0]LogTargetPlatformManager: Display: Loaded TargetPlatform 'Lumin'
[2020.12.11-15.35.02:067][  0]LogTargetPlatformManager: Display: Loaded TargetPlatform 'LuminClient'
[2020.12.11-15.35.02:079][  0]LogTargetPlatformManager: Display: Loaded TargetPlatform 'TVOSClient'
[2020.12.11-15.35.02:079][  0]LogTargetPlatformManager: Display: Loaded TargetPlatform 'TVOS'
[2020.12.11-15.35.02:086][  0]LogTargetPlatformManager: Display: Loaded TargetPlatform 'WindowsNoEditor'
[2020.12.11-15.35.02:093][  0]LogTargetPlatformManager: Display: Loaded TargetPlatform 'Windows'
[2020.12.11-15.35.02:100][  0]LogTargetPlatformManager: Display: Loaded TargetPlatform 'WindowsClient'
[2020.12.11-15.35.02:107][  0]LogTargetPlatformManager: Display: Loaded TargetPlatform 'WindowsServer'
[2020.12.11-15.35.02:107][  0]LogTargetPlatformManager: Display: Building Assets For Windows
[2020.12.11-15.35.02:112][  0]LogAudioDebug: Display: Lib vorbis DLL was dynamically loaded.
[2020.12.11-15.35.02:157][  0]LogShaderCompilers: Guid format shader working directory is -40 characters bigger than the processId version (../../../../../../Users/Dani/Documents/Unreal Projects/MegaJam/MegaJam2020/TempusFugit/Intermediate/Shaders/WorkingDirectory/272/).
[2020.12.11-15.35.02:157][  0]LogShaderCompilers: Cleaned the shader compiler working directory 'C:/Users/Dani/AppData/Local/Temp/UnrealShaderWorkingDir/AAC96C8F4BEB6F15F3FE62B45E48E4FA/'.
[2020.12.11-15.35.02:158][  0]LogXGEController: Cleaning working directory: C:/Users/Dani/AppData/Local/Temp/UnrealXGEWorkingDir/
[2020.12.11-15.35.02:158][  0]LogXGEController: Cannot use XGE Controller as Incredibuild is not installed on this machine.
[2020.12.11-15.35.02:158][  0]LogShaderCompilers: Cannot use XGE Shader Compiler as Incredibuild is not installed on this machine.
[2020.12.11-15.35.02:158][  0]LogShaderCompilers: Display: Using Local Shader Compiler.
[2020.12.11-15.35.02:717][  0]LogDerivedDataCache: Display: Max Cache Size: 512 MB
[2020.12.11-15.35.02:754][  0]LogDerivedDataCache: Loaded boot cache 0.04s 76MB C:/Users/Dani/AppData/Local/UnrealEngine/4.25/DerivedDataCache/Boot.ddc.
[2020.12.11-15.35.02:754][  0]LogDerivedDataCache: Display: Loaded Boot cache: C:/Users/Dani/AppData/Local/UnrealEngine/4.25/DerivedDataCache/Boot.ddc
[2020.12.11-15.35.02:754][  0]LogDerivedDataCache: FDerivedDataBackendGraph:  Pak pak cache file ../../../../../../Users/Dani/Documents/Unreal Projects/MegaJam/MegaJam2020/TempusFugit/DerivedDataCache/DDC.ddp not found, will not use a pak cache.
[2020.12.11-15.35.02:754][  0]LogDerivedDataCache: Unable to find inner node Pak for hierarchical cache Hierarchy.
[2020.12.11-15.35.02:754][  0]LogDerivedDataCache: FDerivedDataBackendGraph:  CompressedPak pak cache file ../../../../../../Users/Dani/Documents/Unreal Projects/MegaJam/MegaJam2020/TempusFugit/DerivedDataCache/Compressed.ddp not found, will not use a pak cache.
[2020.12.11-15.35.02:754][  0]LogDerivedDataCache: Unable to find inner node CompressedPak for hierarchical cache Hierarchy.
[2020.12.11-15.35.02:762][  0]LogDerivedDataCache: Display: Pak cache opened for reading ../../../Engine/DerivedDataCache/Compressed.ddp.
[2020.12.11-15.35.02:762][  0]LogDerivedDataCache: FDerivedDataBackendGraph:  EnterprisePak pak cache file ../../../Enterprise/DerivedDataCache/Compressed.ddp not found, will not use a pak cache.
[2020.12.11-15.35.02:762][  0]LogDerivedDataCache: Unable to find inner node EnterprisePak for hierarchical cache Hierarchy.
[2020.12.11-15.35.02:763][  0]LogDerivedDataCache: Using Local data cache path C:/Users/Dani/AppData/Local/UnrealEngine/Common/DerivedDataCache: Writable
[2020.12.11-15.35.02:763][  0]LogDerivedDataCache: Shared data cache path not found in *engine.ini, will not use an Shared cache.
[2020.12.11-15.35.02:763][  0]LogDerivedDataCache: Unable to find inner node Shared for hierarchical cache Hierarchy.
[2020.12.11-15.35.02:802][  0]LogSlate: Using FreeType 2.10.0
[2020.12.11-15.35.02:802][  0]LogSlate: SlateFontServices - WITH_FREETYPE: 1, WITH_HARFBUZZ: 1
[2020.12.11-15.35.02:822][  0]LogAssetRegistry: FAssetRegistry took 0.0019 seconds to start up
[2020.12.11-15.35.02:990][  0]LogInit: Selected Device Profile: [Windows]
[2020.12.11-15.35.03:071][  0]LogMeshReduction: Using QuadricMeshReduction for automatic static mesh reduction
[2020.12.11-15.35.03:071][  0]LogMeshReduction: Using SimplygonMeshReduction for automatic skeletal mesh reduction
[2020.12.11-15.35.03:071][  0]LogMeshReduction: Using ProxyLODMeshReduction for automatic mesh merging
[2020.12.11-15.35.03:071][  0]LogMeshReduction: No distributed automatic mesh merging module available
[2020.12.11-15.35.03:071][  0]LogMeshMerging: No distributed automatic mesh merging module available
[2020.12.11-15.35.03:088][  0]LogNetVersion: TempusFugit 1.0.0, NetCL: 13144385, EngineNetVer: 14, GameNetVer: 0 (Checksum: 18708167)
[2020.12.11-15.35.03:405][  0]LogAISub: UAISubsystem::UAISubsystem AISubsystem (000001AFBD649BC0), frame # 0
[2020.12.11-15.35.03:405][  0]LogAISub: UAISubsystem::UAISubsystem AIPerceptionSystem (000001AFBD547740), frame # 0
[2020.12.11-15.35.03:406][  0]LogAISub: UAISubsystem::UAISubsystem EnvQueryManager (000001AFBD59AE00), frame # 0
[2020.12.11-15.35.03:449][  0]LogPackageLocalizationCache: Processed 20 localized package path(s) for 1 prioritized culture(s) in 0.039789 seconds
[2020.12.11-15.35.03:453][  0]LogUObjectArray: 15917 objects as part of root set at end of initial load.
[2020.12.11-15.35.03:453][  0]LogUObjectAllocator: 3965568 out of 0 bytes used by permanent object pool.
[2020.12.11-15.35.03:453][  0]LogUObjectArray: CloseDisregardForGC: 0/0 objects in disregard for GC pool
[2020.12.11-15.35.03:697][  0]LogTcpMessaging: Initializing TcpMessaging bridge
[2020.12.11-15.35.03:700][  0]LogUdpMessaging: Initializing bridge on interface 0.0.0.0:0 to multicast group 230.0.0.1:6666.
[2020.12.11-15.35.03:780][  0]SourceControl: Source control is disabled
[2020.12.11-15.35.03:780][  0]SourceControl: Source control is disabled
[2020.12.11-15.35.03:782][  0]SourceControl: Source control is disabled
[2020.12.11-15.35.03:784][  0]SourceControl: Source control is disabled
[2020.12.11-15.35.03:789][  0]SourceControl: Source control is disabled
[2020.12.11-15.35.03:964][  0]LogAndroidPermission: UAndroidPermissionCallbackProxy::GetInstance
[2020.12.11-15.35.03:978][  0]LogAudioCaptureCore: Display: No Audio Capture implementations found. Audio input will be silent.
[2020.12.11-15.35.03:978][  0]LogAudioCaptureCore: Display: No Audio Capture implementations found. Audio input will be silent.
[2020.12.11-15.35.03:996][  0]LogHoudiniEngine: Starting the Houdini Engine module.
[2020.12.11-15.35.03:997][  0]LogHoudiniEngine: Loaded libHAPIL.dll from Registry path C:/Program Files/Side Effects Software/Houdini 18.0.499/bin
[2020.12.11-15.35.03:997][  0]LogLinker: Warning: Asset '../../Plugins/Runtime/HoudiniEngine/Content/houdini_logo.uasset' has been saved with empty engine version. The asset will be loaded but may be incompatible.
[2020.12.11-15.35.03:998][  0]LogLinker: Warning: Asset '../../Plugins/Runtime/HoudiniEngine/Content/houdini_default_material.uasset' has been saved with empty engine version. The asset will be loaded but may be incompatible.
[2020.12.11-15.35.03:999][  0]LogLinker: Warning: Asset '../../Plugins/Runtime/HoudiniEngine/Content/houdini_bgeo_import.uasset' has been saved with empty engine version. The asset will be loaded but may be incompatible.
[2020.12.11-15.35.04:028][  0]LogOcInput: OculusInput pre-init called
[2020.12.11-15.35.04:039][  0]LogWindows: Failed to load 'OVRPlugin.dll' (GetLastError=126)
[2020.12.11-15.35.04:040][  0]LogWindows: File 'OVRPlugin.dll' does not exist
[2020.12.11-15.35.04:098][  0]LogEngine: Initializing Engine...
[2020.12.11-15.35.04:099][  0]LogHMD: Failed to initialize OpenVR with code 110
[2020.12.11-15.35.04:099][  0]LogMagicLeap: Warning: VR disabled because ZI is not enabled.  To enable, in the editor, Edit -> Project Settings -> Plugins -> Magic Leap Plugin -> Enable Zero Iteration
[2020.12.11-15.35.04:099][  0]LogStats: UGameplayTagsManager::InitializeManager -  0.000 s
[2020.12.11-15.35.04:183][  0]LogInit: Initializing FReadOnlyCVARCache
[2020.12.11-15.35.04:190][  0]LogAIModule: Creating AISystem for world Untitled
[2020.12.11-15.35.04:190][  0]LogAISub: UAISubsystem::UAISubsystem EnvQueryManager (000001AFC4FF2400), frame # 0
[2020.12.11-15.35.04:190][  0]LogAISub: UAISubsystem::UAISubsystem AIPerceptionSystem (000001AFC504D080), frame # 0
[2020.12.11-15.35.04:206][  0]LogAudioMixer: Display: Audio Mixer Platform Settings:
[2020.12.11-15.35.04:206][  0]LogAudioMixer: Display: 	Sample Rate:						  48000
[2020.12.11-15.35.04:206][  0]LogAudioMixer: Display: 	Callback Buffer Frame Size Requested: 1024
[2020.12.11-15.35.04:206][  0]LogAudioMixer: Display: 	Callback Buffer Frame Size To Use:	  1024
[2020.12.11-15.35.04:206][  0]LogAudioMixer: Display: 	Number of buffers to queue:			  2
[2020.12.11-15.35.04:206][  0]LogAudioMixer: Display: 	Max Channels (voices):				  32
[2020.12.11-15.35.04:206][  0]LogAudioMixer: Display: 	Number of Async Source Workers:		  0
[2020.12.11-15.35.04:206][  0]LogAudio: Display: AudioDevice MaxSources: 32
[2020.12.11-15.35.04:206][  0]LogAudio: Display: Using built-in audio occlusion.
[2020.12.11-15.35.04:206][  0]LogAudioMixer: Display: Initializing audio mixer.
[2020.12.11-15.35.04:217][  0]LogAudioMixer: Display: 0: FrontLeft
[2020.12.11-15.35.04:217][  0]LogAudioMixer: Display: 1: FrontRight
[2020.12.11-15.35.04:217][  0]LogAudioMixer: Display: 2: FrontCenter
[2020.12.11-15.35.04:217][  0]LogAudioMixer: Display: 3: LowFrequency
[2020.12.11-15.35.04:217][  0]LogAudioMixer: Display: 4: BackLeft
[2020.12.11-15.35.04:217][  0]LogAudioMixer: Display: 5: BackRight
[2020.12.11-15.35.04:217][  0]LogAudioMixer: Display: 6: SideLeft
[2020.12.11-15.35.04:217][  0]LogAudioMixer: Display: 7: SideRight
[2020.12.11-15.35.04:246][  0]LogAudioMixer: Display: Using Audio Device Lautsprecher (Logitech PRO X Gaming Headset)
[2020.12.11-15.35.04:249][  0]LogAudioMixer: Display: Initializing Sound Submixes...
[2020.12.11-15.35.04:252][  0]LogAudioMixer: Display: Creating Master Submix 'MasterSubmixDefault'
[2020.12.11-15.35.04:252][  0]LogAudioMixer: Display: Creating Master Submix 'MasterReverbSubmixDefault'
[2020.12.11-15.35.04:254][  0]LogAudioMixer: Display: Creating Master Submix 'MasterEQSubmixDefault'
[2020.12.11-15.35.04:254][  0]LogInit: FAudioDevice initialized.
[2020.12.11-15.35.04:254][  0]LogNetVersion: Set ProjectVersion to 1.0.0.0. Version Checksum will be recalculated on next use.
[2020.12.11-15.35.04:315][  0]LogDerivedDataCache: Saved boot cache 0.06s 76MB C:/Users/Dani/AppData/Local/UnrealEngine/4.25/DerivedDataCache/Boot.ddc.
[2020.12.11-15.35.04:316][  0]LogInit: Texture streaming: Enabled
[2020.12.11-15.35.04:334][  0]LogEngineSessionManager: EngineSessionManager initialized
[2020.12.11-15.35.04:334][  0]LogEditorSessionSummary: Verbose: Initializing EditorSessionSummaryWriter for editor session tracking
[2020.12.11-15.35.04:336][  0]LogEditorSessionSummary: EditorSessionSummaryWriter initialized
[2020.12.11-15.35.04:388][  0]LogInit: Transaction tracking system initialized
[2020.12.11-15.35.04:403][  0]BlueprintLog: New page: Editor Load
[2020.12.11-15.35.04:458][  0]LocalizationService: Localization service is disabled
[2020.12.11-15.35.04:581][  0]LogCook: Display: Max memory allowance for cook 16384mb min free memory 0mb
[2020.12.11-15.35.04:581][  0]LogCook: Display: Mobile HDR setting 1
[2020.12.11-15.35.04:686][  0]LogFileCache: Scanning file cache for directory 'C:/Users/Dani/Documents/Unreal Projects/MegaJam/MegaJam2020/TempusFugit/Content/' took 0.01s
[2020.12.11-15.35.04:687][  0]LogHoudiniEngineEditor: Starting the Houdini Engine Editor module.
[2020.12.11-15.35.04:688][  0]LogHoudiniEngineEditor: Houdini Engine Editor module startup complete.
[2020.12.11-15.35.04:860][  0]SourceControl: Source control is disabled
[2020.12.11-15.35.04:860][  0]LogUnrealEdMisc: Loading editor; pre map load, took 4.445
[2020.12.11-15.35.04:860][  0]Cmd: MAP LOAD FILE="../../../../../../Users/Dani/Documents/Unreal Projects/MegaJam/MegaJam2020/TempusFugit/Content/JamFolder/Maps/Map1.umap" TEMPLATE=0 SHOWPROGRESS=1 FEATURELEVEL=3
[2020.12.11-15.35.04:860][  0]LightingResults: New page: Lighting Build
[2020.12.11-15.35.04:861][  0]LogWorld: UWorld::CleanupWorld for Untitled, bSessionEnded=true, bCleanupResources=true
[2020.12.11-15.35.04:861][  0]LogSlate: InvalidateAllWidgets triggered.  All widgets were invalidated
[2020.12.11-15.35.04:861][  0]MapCheck: New page: Map Check
[2020.12.11-15.35.04:861][  0]LightingResults: New page: Lighting Build
[2020.12.11-15.35.04:869][  0]LogAISub: UAISubsystem::~UAISubsystem EnvQueryManager (000001AFC4FF2400), frame # 0
[2020.12.11-15.35.04:869][  0]LogAISub: UAISubsystem::~UAISubsystem AIPerceptionSystem (000001AFC504D080), frame # 0
[2020.12.11-15.35.04:870][  0]LogUObjectHash: Compacting FUObjectHashTables data took   0.52ms
[2020.12.11-15.35.05:921][  0]LogAIModule: Creating AISystem for world Map1
[2020.12.11-15.35.05:921][  0]LogAISub: UAISubsystem::UAISubsystem EnvQueryManager (000001AFD5554C00), frame # 0
[2020.12.11-15.35.05:921][  0]LogAISub: UAISubsystem::UAISubsystem AIPerceptionSystem (000001AFD5413B00), frame # 0
[2020.12.11-15.35.06:069][  0]LogEditorServer: Finished looking for orphan Actors (0.000 secs)
[2020.12.11-15.35.06:204][  0]LogUObjectHash: Compacting FUObjectHashTables data took   0.96ms
[2020.12.11-15.35.06:204][  0]Cmd: MAP CHECKDEP NOCLEARLOG
[2020.12.11-15.35.06:204][  0]MapCheck: Map check complete: 0 Error(s), 0 Warning(s), took 0.192ms to complete.
[2020.12.11-15.35.06:204][  0]LogFileHelpers: Loading map 'Map1' took 1.345
[2020.12.11-15.35.06:206][  0]LogUnrealEdMisc: Total Editor Startup Time, took 5.791
[2020.12.11-15.35.06:339][  0]LogSlate: Updating window title bar state: overlay mode, drag disabled, window buttons hidden, title bar hidden
[2020.12.11-15.35.06:344][  0]LogSlate: Updating window title bar state: overlay mode, drag disabled, window buttons hidden, title bar hidden
[2020.12.11-15.35.06:349][  0]LogSlate: Updating window title bar state: overlay mode, drag disabled, window buttons hidden, title bar hidden
[2020.12.11-15.35.06:354][  0]LogSlate: Updating window title bar state: overlay mode, drag disabled, window buttons hidden, title bar hidden
[2020.12.11-15.35.06:359][  0]LogCollectionManager: Loaded 0 collections in 0.001291 seconds
[2020.12.11-15.35.06:372][  0]LogFileCache: Scanning file cache for directory 'C:/Users/Dani/Documents/Unreal Projects/MegaJam/MegaJam2020/TempusFugit/Saved/Collections/' took 0.00s
[2020.12.11-15.35.06:372][  0]LogFileCache: Scanning file cache for directory 'C:/Users/Dani/Documents/Unreal Projects/MegaJam/MegaJam2020/TempusFugit/Content/Developers/Dani/Collections/' took 0.00s
[2020.12.11-15.35.06:372][  0]LogFileCache: Scanning file cache for directory 'C:/Users/Dani/Documents/Unreal Projects/MegaJam/MegaJam2020/TempusFugit/Content/Collections/' took 0.00s
[2020.12.11-15.35.06:372][  0]LogContentBrowser: Native class hierarchy populated in 0.0079 seconds. Added 3464 classes and 828 folders.
[2020.12.11-15.35.06:375][  0]LogContentBrowser: Native class hierarchy updated for 'WidgetCarousel' in 0.0002 seconds. Added 0 classes and 0 folders.
[2020.12.11-15.35.06:419][  0]LogContentBrowser: Native class hierarchy updated for 'AddContentDialog' in 0.0002 seconds. Added 0 classes and 0 folders.
[2020.12.11-15.35.06:419][  0]LogSlate: The tab "/Game/Landscape/BP_UtilityWidget.BP_UtilityWidget_ActiveTab" attempted to spawn but failed for some reason. It will not be displayed but it will still be saved in the layout settings file.
[2020.12.11-15.35.06:419][  0]LogSlate: The tab "/Game/Landscape/BP_UtilityWidget.BP_UtilityWidget_ActiveTab" attempted to spawn but failed for some reason. It will not be displayed but it will still be saved in the layout settings file.
[2020.12.11-15.35.06:420][  0]LogContentBrowser: Native class hierarchy updated for 'SceneOutliner' in 0.0002 seconds. Added 2 classes and 0 folders.
[2020.12.11-15.35.06:563][  0]LogSlate: Took 0.000190 seconds to synchronously load lazily loaded font '../../../Engine/Content/Slate/Fonts/Roboto-Regular.ttf' (155K)
[2020.12.11-15.35.06:565][  0]LogSlate: Took 0.000116 seconds to synchronously load lazily loaded font '../../../Engine/Content/Slate/Fonts/Roboto-Bold.ttf' (160K)
[2020.12.11-15.35.06:568][  0]LogSlate: Took 0.000153 seconds to synchronously load lazily loaded font '../../../Engine/Content/Editor/Slate/Fonts/FontAwesome.ttf' (139K)
[2020.12.11-15.35.06:674][  0]LogRenderer: Reallocating scene render targets to support 2324x1396 Format 10 NumSamples 1 (Frame:1).
[2020.12.11-15.35.06:818][  0]LogContentBrowser: Native class hierarchy updated for 'HierarchicalLODOutliner' in 0.0002 seconds. Added 0 classes and 0 folders.
[2020.12.11-15.35.06:819][  0]LogLoad: (Engine Initialization) Total time: 6.40 seconds
[2020.12.11-15.35.06:819][  0]LogLoad: (Engine Initialization) Total Blueprint compile time: 0.00 seconds
[2020.12.11-15.35.06:853][  0]LogAssetRegistry: Asset discovery search completed in 4.0314 seconds
[2020.12.11-15.35.06:856][  0]LogCollectionManager: Fixed up redirectors for 0 collections in 0.000002 seconds (updated 0 objects)
[2020.12.11-15.35.06:856][  0]LogContentStreaming: Texture pool size now 1000 MB
[2020.12.11-15.35.06:866][  0]LogSlate: Took 0.000128 seconds to synchronously load lazily loaded font '../../../Engine/Content/Slate/Fonts/Roboto-Light.ttf' (167K)
[2020.12.11-15.35.13:382][708]LogEditorViewport: Clicking on Actor (LMB): MainChar_C (ThirdPersonCharacter)
[2020.12.11-15.35.34:036][493]LogTemp: Repeating last play command: Selected Viewport
[2020.12.11-15.35.34:050][493]LogPlayLevel: PlayLevel: No blueprints needed recompiling
[2020.12.11-15.35.34:050][493]PIE: New page: PIE session: Map1 (11.12.2020, 17:35:34)
[2020.12.11-15.35.34:051][493]LogOnline: OSS: Creating online subsystem instance for: NULL
[2020.12.11-15.35.34:051][493]LogOnline: OSS: TryLoadSubsystemAndSetDefault: Loaded subsystem for module [NULL]
[2020.12.11-15.35.34:051][493]LogPlayLevel: Creating play world package: /Game/JamFolder/Maps/UEDPIE_0_Map1
[2020.12.11-15.35.34:174][493]LogPlayLevel: PIE: StaticDuplicateObject took: (0.122284s)
[2020.12.11-15.35.34:175][493]LogAIModule: Creating AISystem for world Map1
[2020.12.11-15.35.34:175][493]LogAISub: UAISubsystem::UAISubsystem EnvQueryManager (000001B04DF23E00), frame # 2493
[2020.12.11-15.35.34:175][493]LogAISub: UAISubsystem::UAISubsystem AIPerceptionSystem (000001AFDE773600), frame # 2493
[2020.12.11-15.35.34:175][493]LogPlayLevel: PIE: World Init took: (0.001217s)
[2020.12.11-15.35.34:175][493]LogPlayLevel: PIE: Created PIE world by copying editor world from /Game/JamFolder/Maps/Map1.Map1 to /Game/JamFolder/Maps/UEDPIE_0_Map1.Map1 (0.123742s)
[2020.12.11-15.35.34:185][493]LogUObjectHash: Compacting FUObjectHashTables data took   0.69ms
[2020.12.11-15.35.34:186][493]LogAudioMixer: Display: Audio Mixer Platform Settings:
[2020.12.11-15.35.34:186][493]LogAudioMixer: Display: 	Sample Rate:						  48000
[2020.12.11-15.35.34:186][493]LogAudioMixer: Display: 	Callback Buffer Frame Size Requested: 1024
[2020.12.11-15.35.34:186][493]LogAudioMixer: Display: 	Callback Buffer Frame Size To Use:	  1024
[2020.12.11-15.35.34:186][493]LogAudioMixer: Display: 	Number of buffers to queue:			  2
[2020.12.11-15.35.34:186][493]LogAudioMixer: Display: 	Max Channels (voices):				  32
[2020.12.11-15.35.34:186][493]LogAudioMixer: Display: 	Number of Async Source Workers:		  0
[2020.12.11-15.35.34:186][493]LogAudio: Display: AudioDevice MaxSources: 32
[2020.12.11-15.35.34:187][493]LogAudio: Display: Using built-in audio occlusion.
[2020.12.11-15.35.34:187][493]LogAudioMixer: Display: Initializing audio mixer.
[2020.12.11-15.35.34:190][493]LogAudioMixer: Display: 0: FrontLeft
[2020.12.11-15.35.34:190][493]LogAudioMixer: Display: 1: FrontRight
[2020.12.11-15.35.34:190][493]LogAudioMixer: Display: 2: FrontCenter
[2020.12.11-15.35.34:190][493]LogAudioMixer: Display: 3: LowFrequency
[2020.12.11-15.35.34:190][493]LogAudioMixer: Display: 4: BackLeft
[2020.12.11-15.35.34:191][493]LogAudioMixer: Display: 5: BackRight
[2020.12.11-15.35.34:191][493]LogAudioMixer: Display: 6: SideLeft
[2020.12.11-15.35.34:191][493]LogAudioMixer: Display: 7: SideRight
[2020.12.11-15.35.34:205][493]LogAudioMixer: Display: Using Audio Device Lautsprecher (Logitech PRO X Gaming Headset)
[2020.12.11-15.35.34:205][493]LogAudioMixer: Display: Initializing Sound Submixes...
[2020.12.11-15.35.34:205][493]LogAudioMixer: Display: Creating Master Submix 'MasterSubmixDefault'
[2020.12.11-15.35.34:205][493]LogAudioMixer: Display: Creating Master Submix 'MasterReverbSubmixDefault'
[2020.12.11-15.35.34:205][493]LogAudioMixer: Display: Creating Master Submix 'MasterEQSubmixDefault'
[2020.12.11-15.35.34:216][493]LogInit: FAudioDevice initialized.
[2020.12.11-15.35.34:226][493]LogLoad: Game class is 'OwnGameMode_C'
[2020.12.11-15.35.34:259][493]LogWorld: Bringing World /Game/JamFolder/Maps/UEDPIE_0_Map1.Map1 up for play (max tick rate 0) at 2020.12.11-16.35.34
[2020.12.11-15.35.34:261][493]LogWorld: Bringing up level for play took: 0.033376
[2020.12.11-15.35.34:261][493]LogOnline: OSS: Creating online subsystem instance for: :Context_4
[2020.12.11-15.35.34:263][493]LogContentBrowser: Native class hierarchy updated for 'MovieSceneCapture' in 0.0002 seconds. Added 20 classes and 0 folders.
[2020.12.11-15.35.34:263][493]LogGameMode: Display: Match State Changed from EnteringMap to WaitingToStart
[2020.12.11-15.35.34:263][493]LogGameState: Match State Changed from EnteringMap to WaitingToStart
[2020.12.11-15.35.34:263][493]LogGameMode: Display: Match State Changed from WaitingToStart to InProgress
[2020.12.11-15.35.34:267][493]LogGameState: Match State Changed from WaitingToStart to InProgress
[2020.12.11-15.35.34:267][493]PIE: Server logged in
[2020.12.11-15.35.34:268][493]PIE: Play in editor total start time 0.219 seconds.
[2020.12.11-15.35.37:029][784]LogBlueprintUserMessages: [Main_Widget_C_1] x0
[2020.12.11-15.35.50:646][322]LogSlate: Updating window title bar state: overlay mode, drag disabled, window buttons hidden, title bar hidden
[2020.12.11-15.35.50:646][322]LogWorld: BeginTearingDown for /Game/JamFolder/Maps/UEDPIE_0_Map1
[2020.12.11-15.35.50:646][322]LogWorld: UWorld::CleanupWorld for Map1, bSessionEnded=true, bCleanupResources=true
[2020.12.11-15.35.50:654][322]LogSlate: InvalidateAllWidgets triggered.  All widgets were invalidated
[2020.12.11-15.35.50:662][322]LogPlayLevel: Display: Shutting down PIE online subsystems
[2020.12.11-15.35.50:664][322]LogSlate: InvalidateAllWidgets triggered.  All widgets were invalidated
[2020.12.11-15.35.50:686][322]LogSlate: Updating window title bar state: overlay mode, drag disabled, window buttons hidden, title bar hidden
[2020.12.11-15.35.50:688][322]LogAISub: UAISubsystem::~UAISubsystem AIPerceptionSystem (000001AFDE773600), frame # 4322
[2020.12.11-15.35.50:688][322]LogAISub: UAISubsystem::~UAISubsystem EnvQueryManager (000001B04DF23E00), frame # 4322
[2020.12.11-15.35.50:690][322]LogUObjectHash: Compacting FUObjectHashTables data took   0.58ms
[2020.12.11-15.35.50:734][323]LogPlayLevel: Display: Destroying online subsystem :Context_4
[2020.12.11-15.35.56:686][892]LogSlate: Took 0.000188 seconds to synchronously load lazily loaded font '../../../Engine/Content/Slate/Fonts/Roboto-Italic.ttf' (157K)
[2020.12.11-15.35.58:089][988]LogAssetEditorSubsystem: Opening Asset editor for Blueprint /Game/JamFolder/Blueprints/MainChar.MainChar
[2020.12.11-15.35.58:257][988]LogContentBrowser: Native class hierarchy updated for 'BlueprintGraph' in 0.0004 seconds. Added 125 classes and 0 folders.
[2020.12.11-15.35.59:099][988]LogSlate: Took 0.000162 seconds to synchronously load lazily loaded font '../../../Engine/Content/Slate/Fonts/Roboto-BoldCondensed.ttf' (158K)
[2020.12.11-15.41.35:591][865]LogBlueprint: Warning: [Compiler ] Pasted node  CustomEvent   conflicted with  PlayerTimeEnd  and was replaced as a Custom Event!
[2020.12.11-15.42.02:685][ 86]BlueprintLog: New page: Compile MainChar
[2020.12.11-15.42.02:901][ 86]LogUObjectHash: Compacting FUObjectHashTables data took   3.27ms
[2020.12.11-15.42.03:244][ 86]LogSlate: Took 0.000175 seconds to synchronously load lazily loaded font '../../../Engine/Content/Slate/Fonts/DroidSansMono.ttf' (77K)
[2020.12.11-15.42.03:612][ 88]LogSavePackage: Moving '../../../../../../Users/Dani/Documents/Unreal Projects/MegaJam/MegaJam2020/TempusFugit/Saved/MainChar4D29D5E349F5E06D3F233C8318E2D8A3.tmp' to '../../../../../../Users/Dani/Documents/Unreal Projects/MegaJam/MegaJam2020/TempusFugit/Content/JamFolder/Blueprints/MainChar.uasset'
[2020.12.11-15.42.03:635][ 88]AssetCheck: New page: Asset Save: MainChar
[2020.12.11-15.42.03:636][ 88]LogContentValidation: Display: Validating Blueprint /Game/JamFolder/Blueprints/MainChar.MainChar
[2020.12.11-15.42.36:515][585]BlueprintLog: New page: Compile MainChar
[2020.12.11-15.42.36:724][585]LogUObjectHash: Compacting FUObjectHashTables data took   2.18ms
[2020.12.11-15.42.37:364][587]LogSavePackage: Moving '../../../../../../Users/Dani/Documents/Unreal Projects/MegaJam/MegaJam2020/TempusFugit/Saved/MainChar9F469F3042F15030E3275BA8FD4FA4DC.tmp' to '../../../../../../Users/Dani/Documents/Unreal Projects/MegaJam/MegaJam2020/TempusFugit/Content/JamFolder/Blueprints/MainChar.uasset'
[2020.12.11-15.42.37:379][587]AssetCheck: New page: Asset Save: MainChar
[2020.12.11-15.42.37:379][587]LogContentValidation: Display: Validating Blueprint /Game/JamFolder/Blueprints/MainChar.MainChar
[2020.12.11-15.42.39:183][652]LogSlate: Window 'MainChar' being destroyed
[2020.12.11-15.42.39:194][652]LogSlate: Window 'MainChar' being destroyed
[2020.12.11-15.42.39:213][652]LogWorld: UWorld::CleanupWorld for World_3, bSessionEnded=true, bCleanupResources=true
[2020.12.11-15.42.39:213][652]LogSlate: InvalidateAllWidgets triggered.  All widgets were invalidated
[2020.12.11-15.43.02:924][321]LogAssetEditorSubsystem: Opening Asset editor for WidgetBlueprint /Game/JamFolder/UI/Main_Widget.Main_Widget
[2020.12.11-15.43.10:888][815]BlueprintLog: New page: Compile Main_Widget
[2020.12.11-15.43.10:986][815]LogUObjectHash: Compacting FUObjectHashTables data took   2.84ms
[2020.12.11-15.43.11:465][836]LogSavePackage: Moving '../../../../../../Users/Dani/Documents/Unreal Projects/MegaJam/MegaJam2020/TempusFugit/Saved/Main_WidgetABA8C439462A6ED0344CFE8EF3BB8B11.tmp' to '../../../../../../Users/Dani/Documents/Unreal Projects/MegaJam/MegaJam2020/TempusFugit/Content/JamFolder/UI/Main_Widget.uasset'
[2020.12.11-15.43.11:479][836]AssetCheck: New page: Asset Save: Main_Widget
[2020.12.11-15.43.11:479][836]LogContentValidation: Display: Validating WidgetBlueprint /Game/JamFolder/UI/Main_Widget.Main_Widget
[2020.12.11-15.43.12:023][868]LogTemp: Repeating last play command: Selected Viewport
[2020.12.11-15.43.12:040][868]LogPlayLevel: PlayLevel: No blueprints needed recompiling
[2020.12.11-15.43.12:040][868]PIE: New page: PIE session: Map1 (11.12.2020, 17:43:12)
[2020.12.11-15.43.12:040][868]LogPlayLevel: Creating play world package: /Game/JamFolder/Maps/UEDPIE_0_Map1
[2020.12.11-15.43.12:162][868]LogPlayLevel: PIE: StaticDuplicateObject took: (0.121987s)
[2020.12.11-15.43.12:163][868]LogAIModule: Creating AISystem for world Map1
[2020.12.11-15.43.12:163][868]LogAISub: UAISubsystem::UAISubsystem EnvQueryManager (000001B07D49A400), frame # 11868
[2020.12.11-15.43.12:163][868]LogAISub: UAISubsystem::UAISubsystem AIPerceptionSystem (000001AFE9686AC0), frame # 11868
[2020.12.11-15.43.12:163][868]LogPlayLevel: PIE: World Init took: (0.000808s)
[2020.12.11-15.43.12:163][868]LogPlayLevel: PIE: Created PIE world by copying editor world from /Game/JamFolder/Maps/Map1.Map1 to /Game/JamFolder/Maps/UEDPIE_0_Map1.Map1 (0.122930s)
[2020.12.11-15.43.12:188][868]LogUObjectHash: Compacting FUObjectHashTables data took   2.26ms
[2020.12.11-15.43.12:189][868]LogAudioMixer: Display: Audio Mixer Platform Settings:
[2020.12.11-15.43.12:189][868]LogAudioMixer: Display: 	Sample Rate:						  48000
[2020.12.11-15.43.12:190][868]LogAudioMixer: Display: 	Callback Buffer Frame Size Requested: 1024
[2020.12.11-15.43.12:190][868]LogAudioMixer: Display: 	Callback Buffer Frame Size To Use:	  1024
[2020.12.11-15.43.12:190][868]LogAudioMixer: Display: 	Number of buffers to queue:			  2
[2020.12.11-15.43.12:190][868]LogAudioMixer: Display: 	Max Channels (voices):				  32
[2020.12.11-15.43.12:190][868]LogAudioMixer: Display: 	Number of Async Source Workers:		  0
[2020.12.11-15.43.12:190][868]LogAudio: Display: AudioDevice MaxSources: 32
[2020.12.11-15.43.12:190][868]LogAudio: Display: Using built-in audio occlusion.
[2020.12.11-15.43.12:190][868]LogAudioMixer: Display: Initializing audio mixer.
[2020.12.11-15.43.12:193][868]LogAudioMixer: Display: 0: FrontLeft
[2020.12.11-15.43.12:193][868]LogAudioMixer: Display: 1: FrontRight
[2020.12.11-15.43.12:193][868]LogAudioMixer: Display: 2: FrontCenter
[2020.12.11-15.43.12:193][868]LogAudioMixer: Display: 3: LowFrequency
[2020.12.11-15.43.12:193][868]LogAudioMixer: Display: 4: BackLeft
[2020.12.11-15.43.12:193][868]LogAudioMixer: Display: 5: BackRight
[2020.12.11-15.43.12:193][868]LogAudioMixer: Display: 6: SideLeft
[2020.12.11-15.43.12:193][868]LogAudioMixer: Display: 7: SideRight
[2020.12.11-15.43.12:209][868]LogAudioMixer: Display: Using Audio Device Lautsprecher (Logitech PRO X Gaming Headset)
[2020.12.11-15.43.12:209][868]LogAudioMixer: Display: Initializing Sound Submixes...
[2020.12.11-15.43.12:209][868]LogAudioMixer: Display: Creating Master Submix 'MasterSubmixDefault'
[2020.12.11-15.43.12:209][868]LogAudioMixer: Display: Creating Master Submix 'MasterReverbSubmixDefault'
[2020.12.11-15.43.12:210][868]LogAudioMixer: Display: Creating Master Submix 'MasterEQSubmixDefault'
[2020.12.11-15.43.12:219][868]LogInit: FAudioDevice initialized.
[2020.12.11-15.43.12:228][868]LogLoad: Game class is 'OwnGameMode_C'
[2020.12.11-15.43.12:261][868]LogWorld: Bringing World /Game/JamFolder/Maps/UEDPIE_0_Map1.Map1 up for play (max tick rate 0) at 2020.12.11-16.43.12
[2020.12.11-15.43.12:263][868]LogWorld: Bringing up level for play took: 0.033252
[2020.12.11-15.43.12:263][868]LogOnline: OSS: Creating online subsystem instance for: :Context_9
[2020.12.11-15.43.12:264][868]LogGameMode: Display: Match State Changed from EnteringMap to WaitingToStart
[2020.12.11-15.43.12:264][868]LogGameState: Match State Changed from EnteringMap to WaitingToStart
[2020.12.11-15.43.12:264][868]LogGameMode: Display: Match State Changed from WaitingToStart to InProgress
[2020.12.11-15.43.12:267][868]LogGameState: Match State Changed from WaitingToStart to InProgress
[2020.12.11-15.43.12:267][868]PIE: Server logged in
[2020.12.11-15.43.12:268][868]PIE: Play in editor total start time 0.228 seconds.
[2020.12.11-15.43.15:090][153]LogBlueprintUserMessages: [Main_Widget_C_1] x0
[2020.12.11-15.43.23:087][ 63]LogScript: Warning: Accessed None trying to read property PlayerReference
	Main_Widget_C /Engine/Transient.UnrealEdEngine_0:GameInstance_1.Main_Widget_C_0
	Function /Game/JamFolder/UI/Main_Widget.Main_Widget_C:ExecuteUbergraph_Main_Widget:0876
[2020.12.11-15.43.27:940][628]LogSlate: Updating window title bar state: overlay mode, drag disabled, window buttons hidden, title bar hidden
[2020.12.11-15.43.27:941][628]LogWorld: BeginTearingDown for /Game/JamFolder/Maps/UEDPIE_0_Map1
[2020.12.11-15.43.27:965][628]LogWorld: UWorld::CleanupWorld for Map1, bSessionEnded=true, bCleanupResources=true
[2020.12.11-15.43.27:972][628]LogSlate: InvalidateAllWidgets triggered.  All widgets were invalidated
[2020.12.11-15.43.27:976][628]LogPlayLevel: Display: Shutting down PIE online subsystems
[2020.12.11-15.43.27:980][628]LogSlate: InvalidateAllWidgets triggered.  All widgets were invalidated
[2020.12.11-15.43.27:997][628]LogSlate: Updating window title bar state: overlay mode, drag disabled, window buttons hidden, title bar hidden
[2020.12.11-15.43.28:014][628]LogAISub: UAISubsystem::~UAISubsystem AIPerceptionSystem (000001AFE9686AC0), frame # 13628
[2020.12.11-15.43.28:014][628]LogAISub: UAISubsystem::~UAISubsystem EnvQueryManager (000001B07D49A400), frame # 13628
[2020.12.11-15.43.28:017][628]LogUObjectHash: Compacting FUObjectHashTables data took   1.96ms
[2020.12.11-15.43.28:085][629]LogPlayLevel: Display: Destroying online subsystem :Context_9
